Welcome to Ubuntu 16.04.4 LTS (GNU/Linux 4.4.0-116-generic x86_64)

 * Documentation:  https://help.ubuntu.com
  * Management:     https://landscape.canonical.com
   * Support:        https://ubuntu.com/advantage

   0 packages can be updated.
   0 updates are security updates.

Singularity --version
#2.4.2-dist

Using container recipe deffile: ubuntu.sh
Sanitizing environment
[0mAdding base Singularity environment to container
I: Retrieving InRelease 
I: Failed to retrieve InRelease
I: Retrieving Release 
I: Retrieving Release.gpg 
I: Checking Release signature
I: Valid Release signature (key id 790BC7277767219C42C86F933B4FE6ACC0B21F32)
I: Retrieving Packages 
I: Validating Packages 
I: Resolving dependencies of required packages...
I: Resolving dependencies of base packages...
I: Found additional base dependencies: gcc-4.8-base gnupg gpgv libapt-pkg4.12 libreadline6 libstdc++6 libusb-0.1-4 readline-common ubuntu-keyring 
I: Checking component main on http://us.archive.ubuntu.com/ubuntu...
I: Retrieving adduser 3.113+nmu3ubuntu3
I: Validating adduser 3.113+nmu3ubuntu3
I: Retrieving apt 1.0.1ubuntu2
I: Validating apt 1.0.1ubuntu2
I: Retrieving base-files 7.2ubuntu5
I: Validating base-files 7.2ubuntu5
I: Retrieving base-passwd 3.5.33
I: Validating base-passwd 3.5.33
I: Retrieving bash 4.3-6ubuntu1
I: Validating bash 4.3-6ubuntu1
I: Retrieving bsdutils 1:2.20.1-5.1ubuntu20
I: Validating bsdutils 1:2.20.1-5.1ubuntu20
I: Retrieving busybox-initramfs 1:1.21.0-1ubuntu1
I: Validating busybox-initramfs 1:1.21.0-1ubuntu1
I: Retrieving coreutils 8.21-1ubuntu5
I: Validating coreutils 8.21-1ubuntu5
I: Retrieving cpio 2.11+dfsg-1ubuntu1
I: Validating cpio 2.11+dfsg-1ubuntu1
I: Retrieving dash 0.5.7-4ubuntu1
I: Validating dash 0.5.7-4ubuntu1
I: Retrieving debconf 1.5.51ubuntu2
I: Validating debconf 1.5.51ubuntu2
I: Retrieving debianutils 4.4
I: Validating debianutils 4.4
I: Retrieving diffutils 1:3.3-1
I: Validating diffutils 1:3.3-1
I: Retrieving dpkg 1.17.5ubuntu5
I: Validating dpkg 1.17.5ubuntu5
I: Retrieving e2fslibs 1.42.9-3ubuntu1
I: Validating e2fslibs 1.42.9-3ubuntu1
I: Retrieving e2fsprogs 1.42.9-3ubuntu1
I: Validating e2fsprogs 1.42.9-3ubuntu1
I: Retrieving findutils 4.4.2-7
I: Validating findutils 4.4.2-7
I: Retrieving gcc-4.8-base 4.8.2-19ubuntu1
I: Validating gcc-4.8-base 4.8.2-19ubuntu1
I: Retrieving gcc-4.9-base 4.9-20140406-0ubuntu1
I: Validating gcc-4.9-base 4.9-20140406-0ubuntu1
I: Retrieving gnupg 1.4.16-1ubuntu2
I: Validating gnupg 1.4.16-1ubuntu2
I: Retrieving gpgv 1.4.16-1ubuntu2
I: Validating gpgv 1.4.16-1ubuntu2
I: Retrieving grep 2.16-1
I: Validating grep 2.16-1
I: Retrieving gzip 1.6-3ubuntu1
I: Validating gzip 1.6-3ubuntu1
I: Retrieving hostname 3.15ubuntu1
I: Validating hostname 3.15ubuntu1
I: Retrieving ifupdown 0.7.47.2ubuntu4
I: Validating ifupdown 0.7.47.2ubuntu4
I: Retrieving initramfs-tools 0.103ubuntu4
I: Validating initramfs-tools 0.103ubuntu4
I: Retrieving initramfs-tools-bin 0.103ubuntu4
I: Validating initramfs-tools-bin 0.103ubuntu4
I: Retrieving initscripts 2.88dsf-41ubuntu6
I: Validating initscripts 2.88dsf-41ubuntu6
I: Retrieving insserv 1.14.0-5ubuntu2
I: Validating insserv 1.14.0-5ubuntu2
I: Retrieving iproute2 3.12.0-2
I: Validating iproute2 3.12.0-2
I: Retrieving klibc-utils 2.0.3-0ubuntu1
I: Validating klibc-utils 2.0.3-0ubuntu1
I: Retrieving kmod 15-0ubuntu6
I: Validating kmod 15-0ubuntu6
I: Retrieving libacl1 2.2.52-1
I: Validating libacl1 2.2.52-1
I: Retrieving libapt-pkg4.12 1.0.1ubuntu2
I: Validating libapt-pkg4.12 1.0.1ubuntu2
I: Retrieving libattr1 1:2.4.47-1ubuntu1
I: Validating libattr1 1:2.4.47-1ubuntu1
I: Retrieving libaudit-common 1:2.3.2-2ubuntu1
I: Validating libaudit-common 1:2.3.2-2ubuntu1
I: Retrieving libaudit1 1:2.3.2-2ubuntu1
I: Validating libaudit1 1:2.3.2-2ubuntu1
I: Retrieving libblkid1 2.20.1-5.1ubuntu20
I: Validating libblkid1 2.20.1-5.1ubuntu20
I: Retrieving libbz2-1.0 1.0.6-5
I: Validating libbz2-1.0 1.0.6-5
I: Retrieving libc-bin 2.19-0ubuntu6
I: Validating libc-bin 2.19-0ubuntu6
I: Retrieving libc6 2.19-0ubuntu6
I: Validating libc6 2.19-0ubuntu6
I: Retrieving libcap2 1:2.24-0ubuntu2
I: Validating libcap2 1:2.24-0ubuntu2
I: Retrieving libcgmanager0 0.24-0ubuntu5
I: Validating libcgmanager0 0.24-0ubuntu5
I: Retrieving libcomerr2 1.42.9-3ubuntu1
I: Validating libcomerr2 1.42.9-3ubuntu1
I: Retrieving libdb5.3 5.3.28-3ubuntu3
I: Validating libdb5.3 5.3.28-3ubuntu3
I: Retrieving libdbus-1-3 1.6.18-0ubuntu4
I: Validating libdbus-1-3 1.6.18-0ubuntu4
I: Retrieving libdebconfclient0 0.187ubuntu1
I: Validating libdebconfclient0 0.187ubuntu1
I: Retrieving libdrm2 2.4.52-1
I: Validating libdrm2 2.4.52-1
I: Retrieving libgcc1 1:4.9-20140406-0ubuntu1
I: Validating libgcc1 1:4.9-20140406-0ubuntu1
I: Retrieving libjson-c2 0.11-3ubuntu1
I: Validating libjson-c2 0.11-3ubuntu1
I: Retrieving libjson0 0.11-3ubuntu1
I: Validating libjson0 0.11-3ubuntu1
I: Retrieving libklibc 2.0.3-0ubuntu1
I: Validating libklibc 2.0.3-0ubuntu1
I: Retrieving libkmod2 15-0ubuntu6
I: Validating libkmod2 15-0ubuntu6
I: Retrieving liblzma5 5.1.1alpha+20120614-2ubuntu2
I: Validating liblzma5 5.1.1alpha+20120614-2ubuntu2
I: Retrieving libmount1 2.20.1-5.1ubuntu20
I: Validating libmount1 2.20.1-5.1ubuntu20
I: Retrieving libncurses5 5.9+20140118-1ubuntu1
I: Validating libncurses5 5.9+20140118-1ubuntu1
I: Retrieving libncursesw5 5.9+20140118-1ubuntu1
I: Validating libncursesw5 5.9+20140118-1ubuntu1
I: Retrieving libnih-dbus1 1.0.3-4ubuntu25
I: Validating libnih-dbus1 1.0.3-4ubuntu25
I: Retrieving libnih1 1.0.3-4ubuntu25
I: Validating libnih1 1.0.3-4ubuntu25
I: Retrieving libpam-modules 1.1.8-1ubuntu2
I: Validating libpam-modules 1.1.8-1ubuntu2
I: Retrieving libpam-modules-bin 1.1.8-1ubuntu2
I: Validating libpam-modules-bin 1.1.8-1ubuntu2
I: Retrieving libpam-runtime 1.1.8-1ubuntu2
I: Validating libpam-runtime 1.1.8-1ubuntu2
I: Retrieving libpam0g 1.1.8-1ubuntu2
I: Validating libpam0g 1.1.8-1ubuntu2
I: Retrieving libpcre3 1:8.31-2ubuntu2
I: Validating libpcre3 1:8.31-2ubuntu2
I: Retrieving libplymouth2 0.8.8-0ubuntu17
I: Validating libplymouth2 0.8.8-0ubuntu17
I: Retrieving libpng12-0 1.2.50-1ubuntu2
I: Validating libpng12-0 1.2.50-1ubuntu2
I: Retrieving libprocps3 1:3.3.9-1ubuntu2
I: Validating libprocps3 1:3.3.9-1ubuntu2
I: Retrieving libreadline6 6.3-4ubuntu2
I: Validating libreadline6 6.3-4ubuntu2
I: Retrieving libselinux1 2.2.2-1
I: Validating libselinux1 2.2.2-1
I: Retrieving libsemanage-common 2.2-1
I: Validating libsemanage-common 2.2-1
I: Retrieving libsemanage1 2.2-1
I: Validating libsemanage1 2.2-1
I: Retrieving libsepol1 2.2-1
I: Validating libsepol1 2.2-1
I: Retrieving libslang2 2.2.4-15ubuntu1
I: Validating libslang2 2.2.4-15ubuntu1
I: Retrieving libss2 1.42.9-3ubuntu1
I: Validating libss2 1.42.9-3ubuntu1
I: Retrieving libstdc++6 4.8.2-19ubuntu1
I: Validating libstdc++6 4.8.2-19ubuntu1
I: Retrieving libtinfo5 5.9+20140118-1ubuntu1
I: Validating libtinfo5 5.9+20140118-1ubuntu1
I: Retrieving libudev1 204-5ubuntu20
I: Validating libudev1 204-5ubuntu20
I: Retrieving libusb-0.1-4 2:0.1.12-23.3ubuntu1
I: Validating libusb-0.1-4 2:0.1.12-23.3ubuntu1
I: Retrieving libustr-1.0-1 1.0.4-3ubuntu2
I: Validating libustr-1.0-1 1.0.4-3ubuntu2
I: Retrieving libuuid1 2.20.1-5.1ubuntu20
I: Validating libuuid1 2.20.1-5.1ubuntu20
I: Retrieving locales 2.13+git20120306-12
I: Validating locales 2.13+git20120306-12
I: Retrieving login 1:4.1.5.1-1ubuntu9
I: Validating login 1:4.1.5.1-1ubuntu9
I: Retrieving lsb-base 4.1+Debian11ubuntu6
I: Validating lsb-base 4.1+Debian11ubuntu6
I: Retrieving makedev 2.3.1-93ubuntu1
I: Validating makedev 2.3.1-93ubuntu1
I: Retrieving mawk 1.3.3-17ubuntu2
I: Validating mawk 1.3.3-17ubuntu2
I: Retrieving module-init-tools 15-0ubuntu6
I: Validating module-init-tools 15-0ubuntu6
I: Retrieving mount 2.20.1-5.1ubuntu20
I: Validating mount 2.20.1-5.1ubuntu20
I: Retrieving mountall 2.53
I: Validating mountall 2.53
I: Retrieving multiarch-support 2.19-0ubuntu6
I: Validating multiarch-support 2.19-0ubuntu6
I: Retrieving ncurses-base 5.9+20140118-1ubuntu1
I: Validating ncurses-base 5.9+20140118-1ubuntu1
I: Retrieving ncurses-bin 5.9+20140118-1ubuntu1
I: Validating ncurses-bin 5.9+20140118-1ubuntu1
I: Retrieving passwd 1:4.1.5.1-1ubuntu9
I: Validating passwd 1:4.1.5.1-1ubuntu9
I: Retrieving perl-base 5.18.2-2ubuntu1
I: Validating perl-base 5.18.2-2ubuntu1
I: Retrieving plymouth 0.8.8-0ubuntu17
I: Validating plymouth 0.8.8-0ubuntu17
I: Retrieving procps 1:3.3.9-1ubuntu2
I: Validating procps 1:3.3.9-1ubuntu2
I: Retrieving readline-common 6.3-4ubuntu2
I: Validating readline-common 6.3-4ubuntu2
I: Retrieving sed 4.2.2-4ubuntu1
I: Validating sed 4.2.2-4ubuntu1
I: Retrieving sensible-utils 0.0.9
I: Validating sensible-utils 0.0.9
I: Retrieving sysv-rc 2.88dsf-41ubuntu6
I: Validating sysv-rc 2.88dsf-41ubuntu6
I: Retrieving sysvinit-utils 2.88dsf-41ubuntu6
I: Validating sysvinit-utils 2.88dsf-41ubuntu6
I: Retrieving tar 1.27.1-1
I: Validating tar 1.27.1-1
I: Retrieving tzdata 2014b-1
I: Validating tzdata 2014b-1
I: Retrieving ubuntu-keyring 2012.05.19
I: Validating ubuntu-keyring 2012.05.19
I: Retrieving udev 204-5ubuntu20
I: Validating udev 204-5ubuntu20
I: Retrieving upstart 1.12.1-0ubuntu4
I: Validating upstart 1.12.1-0ubuntu4
I: Retrieving util-linux 2.20.1-5.1ubuntu20
I: Validating util-linux 2.20.1-5.1ubuntu20
I: Retrieving zlib1g 1:1.2.8.dfsg-1ubuntu1
I: Validating zlib1g 1:1.2.8.dfsg-1ubuntu1
I: Chosen extractor for .deb packages: dpkg-deb
I: Extracting adduser...
I: Extracting base-files...
I: Extracting base-passwd...
I: Extracting bash...
I: Extracting bsdutils...
I: Extracting busybox-initramfs...
I: Extracting coreutils...
I: Extracting cpio...
I: Extracting dash...
I: Extracting debconf...
I: Extracting debianutils...
I: Extracting diffutils...
I: Extracting dpkg...
I: Extracting e2fslibs...
I: Extracting e2fsprogs...
I: Extracting findutils...
I: Extracting gcc-4.9-base...
I: Extracting grep...
I: Extracting gzip...
I: Extracting hostname...
I: Extracting ifupdown...
I: Extracting initramfs-tools...
I: Extracting initramfs-tools-bin...
I: Extracting initscripts...
I: Extracting insserv...
I: Extracting iproute2...
I: Extracting klibc-utils...
I: Extracting kmod...
I: Extracting libacl1...
I: Extracting libattr1...
I: Extracting libaudit-common...
I: Extracting libaudit1...
I: Extracting libblkid1...
I: Extracting libbz2-1.0...
I: Extracting libc-bin...
I: Extracting libc6...
I: Extracting libcap2...
I: Extracting libcgmanager0...
I: Extracting libcomerr2...
I: Extracting libdb5.3...
I: Extracting libdbus-1-3...
I: Extracting libdebconfclient0...
I: Extracting libdrm2...
I: Extracting libgcc1...
I: Extracting libjson-c2...
I: Extracting libjson0...
I: Extracting libklibc...
I: Extracting libkmod2...
I: Extracting liblzma5...
I: Extracting libmount1...
I: Extracting libncurses5...
I: Extracting libncursesw5...
I: Extracting libnih-dbus1...
I: Extracting libnih1...
I: Extracting libpam-modules...
I: Extracting libpam-modules-bin...
I: Extracting libpam-runtime...
I: Extracting libpam0g...
I: Extracting libpcre3...
I: Extracting libplymouth2...
I: Extracting libpng12-0...
I: Extracting libprocps3...
I: Extracting libselinux1...
I: Extracting libsemanage-common...
I: Extracting libsemanage1...
I: Extracting libsepol1...
I: Extracting libslang2...
I: Extracting libss2...
I: Extracting libtinfo5...
I: Extracting libudev1...
I: Extracting libustr-1.0-1...
I: Extracting libuuid1...
I: Extracting locales...
I: Extracting login...
I: Extracting lsb-base...
I: Extracting makedev...
I: Extracting mawk...
I: Extracting module-init-tools...
I: Extracting mount...
I: Extracting mountall...
I: Extracting multiarch-support...
I: Extracting ncurses-base...
I: Extracting ncurses-bin...
I: Extracting passwd...
I: Extracting perl-base...
I: Extracting plymouth...
I: Extracting procps...
I: Extracting sed...
I: Extracting sensible-utils...
I: Extracting sysv-rc...
I: Extracting sysvinit-utils...
I: Extracting tar...
I: Extracting tzdata...
I: Extracting udev...
I: Extracting upstart...
I: Extracting util-linux...
I: Extracting zlib1g...
I: Installing core packages...
I: Unpacking required packages...
I: Unpacking adduser...
I: Unpacking base-files...
I: Unpacking base-passwd...
I: Unpacking bash...
I: Unpacking bsdutils...
I: Unpacking busybox-initramfs...
I: Unpacking coreutils...
I: Unpacking cpio...
I: Unpacking dash...
I: Unpacking debconf...
I: Unpacking debianutils...
I: Unpacking diffutils...
I: Unpacking dpkg...
I: Unpacking e2fslibs:amd64...
I: Unpacking e2fsprogs...
I: Unpacking findutils...
I: Unpacking gcc-4.9-base:amd64...
I: Unpacking grep...
I: Unpacking gzip...
I: Unpacking hostname...
I: Unpacking ifupdown...
I: Unpacking initramfs-tools...
I: Unpacking initramfs-tools-bin...
I: Unpacking initscripts...
I: Unpacking insserv...
I: Unpacking iproute2...
I: Unpacking klibc-utils...
I: Unpacking kmod...
I: Unpacking libacl1:amd64...
I: Unpacking libattr1:amd64...
I: Unpacking libaudit-common...
I: Unpacking libaudit1:amd64...
I: Unpacking libblkid1:amd64...
I: Unpacking libbz2-1.0:amd64...
I: Unpacking libc-bin...
I: Unpacking libc6:amd64...
I: Unpacking libcap2:amd64...
I: Unpacking libcgmanager0:amd64...
I: Unpacking libcomerr2:amd64...
I: Unpacking libdb5.3:amd64...
I: Unpacking libdbus-1-3:amd64...
I: Unpacking libdebconfclient0:amd64...
I: Unpacking libdrm2:amd64...
I: Unpacking libgcc1:amd64...
I: Unpacking libjson-c2:amd64...
I: Unpacking libjson0:amd64...
I: Unpacking libklibc...
I: Unpacking libkmod2:amd64...
I: Unpacking liblzma5:amd64...
I: Unpacking libmount1:amd64...
I: Unpacking libncurses5:amd64...
I: Unpacking libncursesw5:amd64...
I: Unpacking libnih-dbus1:amd64...
I: Unpacking libnih1:amd64...
I: Unpacking libpam-modules:amd64...
I: Unpacking libpam-modules-bin...
I: Unpacking libpam-runtime...
I: Unpacking libpam0g:amd64...
I: Unpacking libpcre3:amd64...
I: Unpacking libplymouth2:amd64...
I: Unpacking libpng12-0:amd64...
I: Unpacking libprocps3:amd64...
I: Unpacking libselinux1:amd64...
I: Unpacking libsemanage-common...
I: Unpacking libsemanage1:amd64...
I: Unpacking libsepol1:amd64...
I: Unpacking libslang2:amd64...
I: Unpacking libss2:amd64...
I: Unpacking libtinfo5:amd64...
I: Unpacking libudev1:amd64...
I: Unpacking libustr-1.0-1:amd64...
I: Unpacking libuuid1:amd64...
I: Unpacking locales...
I: Unpacking login...
I: Unpacking lsb-base...
I: Unpacking makedev...
I: Unpacking mawk...
I: Unpacking module-init-tools...
I: Unpacking mount...
I: Unpacking mountall...
I: Unpacking multiarch-support...
I: Unpacking ncurses-base...
I: Unpacking ncurses-bin...
I: Unpacking passwd...
I: Unpacking perl-base...
I: Unpacking plymouth...
I: Unpacking procps...
I: Unpacking sed...
I: Unpacking sensible-utils...
I: Unpacking sysv-rc...
I: Unpacking sysvinit-utils...
I: Unpacking tar...
I: Unpacking tzdata...
I: Unpacking udev...
I: Unpacking upstart...
I: Unpacking util-linux...
I: Unpacking zlib1g:amd64...
I: Configuring required packages...
I: Configuring lsb-base...
I: Configuring ncurses-base...
I: Configuring sensible-utils...
I: Configuring libklibc...
I: Configuring gcc-4.9-base:amd64...
I: Configuring klibc-utils...
I: Configuring libsemanage-common...
I: Configuring libaudit-common...
I: Configuring libc6:amd64...
I: Configuring cpio...
I: Configuring debianutils...
I: Configuring bsdutils...
I: Configuring diffutils...
I: Configuring locales...
I: Configuring mawk...
I: Configuring hostname...
I: Configuring findutils...
I: Configuring insserv...
I: Configuring busybox-initramfs...
I: Configuring multiarch-support...
I: Configuring libcap2:amd64...
I: Configuring libustr-1.0-1:amd64...
I: Configuring libdbus-1-3:amd64...
I: Configuring libprocps3:amd64...
I: Configuring libjson-c2:amd64...
I: Configuring libdrm2:amd64...
I: Configuring libsepol1:amd64...
I: Configuring libkmod2:amd64...
I: Configuring zlib1g:amd64...
I: Configuring libgcc1:amd64...
I: Configuring libdebconfclient0:amd64...
I: Configuring base-files...
I: Configuring libattr1:amd64...
I: Configuring e2fslibs:amd64...
I: Configuring base-passwd...
I: Configuring libcomerr2:amd64...
I: Configuring libacl1:amd64...
I: Configuring libslang2:amd64...
I: Configuring libss2:amd64...
I: Configuring liblzma5:amd64...
I: Configuring libnih1:amd64...
I: Configuring libaudit1:amd64...
I: Configuring libdb5.3:amd64...
I: Configuring libpcre3:amd64...
I: Configuring libbz2-1.0:amd64...
I: Configuring libtinfo5:amd64...
I: Configuring libc-bin...
I: Configuring libjson0:amd64...
I: Configuring libnih-dbus1:amd64...
I: Configuring libselinux1:amd64...
I: Configuring libpng12-0:amd64...
I: Configuring iproute2...
I: Configuring coreutils...
I: Configuring makedev...
I: Configuring ncurses-bin...
I: Configuring libsemanage1:amd64...
I: Configuring tar...
I: Configuring libcgmanager0:amd64...
I: Configuring libncurses5:amd64...
I: Configuring libplymouth2:amd64...
I: Configuring dpkg...
I: Configuring libncursesw5:amd64...
I: Configuring sysvinit-utils...
I: Configuring dash...
I: Configuring perl-base...
I: Configuring libudev1:amd64...
I: Configuring mountall...
I: Configuring initramfs-tools-bin...
I: Configuring sed...
I: Configuring grep...
I: Configuring gzip...
I: Configuring bash...
I: Configuring debconf...
I: Configuring libpam0g:amd64...
I: Configuring sysv-rc...
I: Configuring tzdata...
I: Configuring kmod...
I: Configuring libpam-modules-bin...
I: Configuring module-init-tools...
I: Configuring libpam-modules:amd64...
I: Configuring passwd...
I: Configuring libpam-runtime...
I: Configuring login...
I: Configuring libuuid1:amd64...
I: Configuring adduser...
I: Configuring libblkid1:amd64...
I: Configuring util-linux...
I: Configuring libmount1:amd64...
I: Configuring mount...
I: Configuring initscripts...
I: Configuring e2fsprogs...
I: Configuring procps...
I: Configuring ifupdown...
I: Configuring upstart...
I: Configuring udev...
I: Configuring initramfs-tools...
I: Configuring plymouth...
I: Configuring libc-bin...
I: Configuring initramfs-tools...
I: Unpacking the base system...
I: Unpacking apt...
I: Unpacking gcc-4.8-base:amd64...
I: Unpacking gnupg...
I: Unpacking gpgv...
I: Unpacking libapt-pkg4.12:amd64...
I: Unpacking libreadline6:amd64...
I: Unpacking libstdc++6:amd64...
I: Unpacking libusb-0.1-4:amd64...
I: Unpacking readline-common...
I: Unpacking ubuntu-keyring...
I: Configuring the base system...
I: Configuring gpgv...
I: Configuring libusb-0.1-4:amd64...
I: Configuring gcc-4.8-base:amd64...
I: Configuring ubuntu-keyring...
I: Configuring libstdc++6:amd64...
I: Configuring readline-common...
I: Configuring libapt-pkg4.12:amd64...
I: Configuring libreadline6:amd64...
I: Configuring gnupg...
I: Configuring apt...
I: Configuring libc-bin...
I: Base system installed successfully.
User defined %runscript found! Taking priority.
Adding environment to container
Running post scriptlet
+ apt-get update
Ign http://us.archive.ubuntu.com trusty InRelease
Hit http://us.archive.ubuntu.com trusty Release.gpg
Hit http://us.archive.ubuntu.com trusty Release
Hit http://us.archive.ubuntu.com trusty/main amd64 Packages
Get:1 http://us.archive.ubuntu.com trusty/main Translation-en [762 kB]
Fetched 762 kB in 1s (606 kB/s)
Reading package lists...
+ apt-get install -y locales git build-essential wget curl zip libcurl4-openssl-dev libssl-dev python
Reading package lists...
Building dependency tree...
locales is already the newest version.
The following extra packages will be installed:
  binutils bzip2 ca-certificates comerr-dev cpp cpp-4.8 dpkg-dev fakeroot file
  g++ g++-4.8 gcc gcc-4.8 git-man krb5-locales krb5-multidev less
  libalgorithm-diff-perl libalgorithm-diff-xs-perl libalgorithm-merge-perl
  libarchive-extract-perl libasan0 libasn1-8-heimdal libatomic1 libc-dev-bin
  libc6-dev libcloog-isl4 libcurl3 libcurl3-gnutls libdpkg-perl libedit2
  liberror-perl libexpat1 libfakeroot libffi6 libfile-fcntllock-perl
  libgcc-4.8-dev libgcrypt11 libgcrypt11-dev libgdbm3 libglib2.0-0
  libglib2.0-data libgmp10 libgnutls-dev libgnutls-openssl27 libgnutls26
  libgnutlsxx27 libgomp1 libgpg-error-dev libgpg-error0 libgssapi-krb5-2
  libgssapi3-heimdal libgssrpc4 libhcrypto4-heimdal libheimbase1-heimdal
  libheimntlm0-heimdal libhx509-5-heimdal libidn11 libidn11-dev libisl10
  libitm1 libk5crypto3 libkadm5clnt-mit9 libkadm5srv-mit9 libkdb5-7
  libkeyutils1 libkrb5-26-heimdal libkrb5-3 libkrb5-dev libkrb5support0
  libldap-2.4-2 libldap2-dev liblog-message-simple-perl libmagic1
  libmodule-pluggable-perl libmpc3 libmpfr4 libp11-kit-dev libp11-kit0
  libpod-latex-perl libpopt0 libpython-stdlib libpython2.7-minimal
  libpython2.7-stdlib libquadmath0 libroken18-heimdal librtmp-dev librtmp0
  libsasl2-2 libsasl2-modules libsasl2-modules-db libsqlite3-0 libssl-doc
  libssl1.0.0 libstdc++-4.8-dev libtasn1-6 libtasn1-6-dev libterm-ui-perl
  libtext-soundex-perl libtimedate-perl libtsan0 libwind0-heimdal libx11-6
  libx11-data libxau6 libxcb1 libxdmcp6 libxext6 libxml2 libxmuu1
  linux-libc-dev make manpages manpages-dev mime-support netbase
  openssh-client openssl patch perl perl-modules pkg-config python-minimal
  python2.7 python2.7-minimal rsync sgml-base shared-mime-info unzip xauth
  xml-core xz-utils zlib1g-dev
Suggested packages:
  binutils-doc bzip2-doc doc-base cpp-doc gcc-4.8-locales debian-keyring
  g++-multilib g++-4.8-multilib gcc-4.8-doc libstdc++6-4.8-dbg gcc-multilib
  autoconf automake1.9 libtool flex bison gdb gcc-doc gcc-4.8-multilib
  libgcc1-dbg libgomp1-dbg libitm1-dbg libatomic1-dbg libasan0-dbg
  libtsan0-dbg libbacktrace1-dbg libquadmath0-dbg binutils-gold gettext-base
  git-daemon-run git-daemon-sysvinit git-doc git-el git-email git-gui gitk
  gitweb git-arch git-bzr git-cvs git-mediawiki git-svn krb5-doc glibc-doc
  libcurl4-doc libcurl3-dbg rng-tools libgcrypt11-doc gnutls26-doc gnutls-bin
  krb5-user libsasl2-modules-otp libsasl2-modules-ldap libsasl2-modules-sql
  libsasl2-modules-gssapi-mit libsasl2-modules-gssapi-heimdal
  libstdc++-4.8-doc make-doc man-browser ssh-askpass libpam-ssh keychain
  monkeysphere ed diffutils-doc perl-doc libterm-readline-gnu-perl
  libterm-readline-perl-perl libb-lint-perl libcpanplus-dist-build-perl
  libcpanplus-perl libfile-checktree-perl liblog-message-perl
  libobject-accessor-perl python-doc python-tk python2.7-doc binfmt-support
  openssh-server sgml-base-doc debhelper
Recommended packages:
  ssh-client
The following NEW packages will be installed:
  binutils build-essential bzip2 ca-certificates comerr-dev cpp cpp-4.8 curl
  dpkg-dev fakeroot file g++ g++-4.8 gcc gcc-4.8 git git-man krb5-locales
  krb5-multidev less libalgorithm-diff-perl libalgorithm-diff-xs-perl
  libalgorithm-merge-perl libarchive-extract-perl libasan0 libasn1-8-heimdal
  libatomic1 libc-dev-bin libc6-dev libcloog-isl4 libcurl3 libcurl3-gnutls
  libcurl4-openssl-dev libdpkg-perl libedit2 liberror-perl libexpat1
  libfakeroot libffi6 libfile-fcntllock-perl libgcc-4.8-dev libgcrypt11
  libgcrypt11-dev libgdbm3 libglib2.0-0 libglib2.0-data libgmp10 libgnutls-dev
  libgnutls-openssl27 libgnutls26 libgnutlsxx27 libgomp1 libgpg-error-dev
  libgpg-error0 libgssapi-krb5-2 libgssapi3-heimdal libgssrpc4
  libhcrypto4-heimdal libheimbase1-heimdal libheimntlm0-heimdal
  libhx509-5-heimdal libidn11 libidn11-dev libisl10 libitm1 libk5crypto3
  libkadm5clnt-mit9 libkadm5srv-mit9 libkdb5-7 libkeyutils1 libkrb5-26-heimdal
  libkrb5-3 libkrb5-dev libkrb5support0 libldap-2.4-2 libldap2-dev
  liblog-message-simple-perl libmagic1 libmodule-pluggable-perl libmpc3
  libmpfr4 libp11-kit-dev libp11-kit0 libpod-latex-perl libpopt0
  libpython-stdlib libpython2.7-minimal libpython2.7-stdlib libquadmath0
  libroken18-heimdal librtmp-dev librtmp0 libsasl2-2 libsasl2-modules
  libsasl2-modules-db libsqlite3-0 libssl-dev libssl-doc libssl1.0.0
  libstdc++-4.8-dev libtasn1-6 libtasn1-6-dev libterm-ui-perl
  libtext-soundex-perl libtimedate-perl libtsan0 libwind0-heimdal libx11-6
  libx11-data libxau6 libxcb1 libxdmcp6 libxext6 libxml2 libxmuu1
  linux-libc-dev make manpages manpages-dev mime-support netbase
  openssh-client openssl patch perl perl-modules pkg-config python
  python-minimal python2.7 python2.7-minimal rsync sgml-base shared-mime-info
  unzip wget xauth xml-core xz-utils zip zlib1g-dev
0 upgraded, 141 newly installed, 0 to remove and 0 not upgraded.
Need to get 56.5 MB of archives.
After this operation, 241 MB of additional disk space will be used.
Get:1 http://us.archive.ubuntu.com/ubuntu/ trusty/main libexpat1 amd64 2.1.0-4ubuntu1 [71.1 kB]
Get:2 http://us.archive.ubuntu.com/ubuntu/ trusty/main libffi6 amd64 3.1~rc1+r3.0.13-12 [17.4 kB]
Get:3 http://us.archive.ubuntu.com/ubuntu/ trusty/main libgpg-error0 amd64 1.12-0.2ubuntu1 [10.9 kB]
Get:4 http://us.archive.ubuntu.com/ubuntu/ trusty/main libgcrypt11 amd64 1.5.3-2ubuntu4 [238 kB]
Get:5 http://us.archive.ubuntu.com/ubuntu/ trusty/main libgdbm3 amd64 1.8.3-12build1 [33.5 kB]
Get:6 http://us.archive.ubuntu.com/ubuntu/ trusty/main libp11-kit0 amd64 0.20.2-2ubuntu2 [76.5 kB]
Get:7 http://us.archive.ubuntu.com/ubuntu/ trusty/main libtasn1-6 amd64 3.4-3 [43.0 kB]
Get:8 http://us.archive.ubuntu.com/ubuntu/ trusty/main libgnutls26 amd64 2.12.23-12ubuntu2 [394 kB]
Get:9 http://us.archive.ubuntu.com/ubuntu/ trusty/main libgnutls-openssl27 amd64 2.12.23-12ubuntu2 [18.3 kB]
Get:10 http://us.archive.ubuntu.com/ubuntu/ trusty/main libmagic1 amd64 1:5.14-2ubuntu3 [183 kB]
Get:11 http://us.archive.ubuntu.com/ubuntu/ trusty/main libpopt0 amd64 1.16-8ubuntu1 [25.5 kB]
Get:12 http://us.archive.ubuntu.com/ubuntu/ trusty/main libsqlite3-0 amd64 3.8.2-1ubuntu2 [342 kB]
Get:13 http://us.archive.ubuntu.com/ubuntu/ trusty/main libssl1.0.0 amd64 1.0.1f-1ubuntu2 [825 kB]
Get:14 http://us.archive.ubuntu.com/ubuntu/ trusty/main libroken18-heimdal amd64 1.6~git20131207+dfsg-1ubuntu1 [40.0 kB]
Get:15 http://us.archive.ubuntu.com/ubuntu/ trusty/main libasn1-8-heimdal amd64 1.6~git20131207+dfsg-1ubuntu1 [160 kB]
Get:16 http://us.archive.ubuntu.com/ubuntu/ trusty/main libkrb5support0 amd64 1.12+dfsg-2ubuntu4 [29.5 kB]
Get:17 http://us.archive.ubuntu.com/ubuntu/ trusty/main libk5crypto3 amd64 1.12+dfsg-2ubuntu4 [79.5 kB]
Get:18 http://us.archive.ubuntu.com/ubuntu/ trusty/main libkeyutils1 amd64 1.5.6-1 [7318 B]
Get:19 http://us.archive.ubuntu.com/ubuntu/ trusty/main libkrb5-3 amd64 1.12+dfsg-2ubuntu4 [262 kB]
Get:20 http://us.archive.ubuntu.com/ubuntu/ trusty/main libgssapi-krb5-2 amd64 1.12+dfsg-2ubuntu4 [113 kB]
Get:21 http://us.archive.ubuntu.com/ubuntu/ trusty/main libidn11 amd64 1.28-1ubuntu2 [93.0 kB]
Get:22 http://us.archive.ubuntu.com/ubuntu/ trusty/main libhcrypto4-heimdal amd64 1.6~git20131207+dfsg-1ubuntu1 [84.0 kB]
Get:23 http://us.archive.ubuntu.com/ubuntu/ trusty/main libheimbase1-heimdal amd64 1.6~git20131207+dfsg-1ubuntu1 [29.0 kB]
Get:24 http://us.archive.ubuntu.com/ubuntu/ trusty/main libwind0-heimdal amd64 1.6~git20131207+dfsg-1ubuntu1 [47.8 kB]
Get:25 http://us.archive.ubuntu.com/ubuntu/ trusty/main libhx509-5-heimdal amd64 1.6~git20131207+dfsg-1ubuntu1 [104 kB]
Get:26 http://us.archive.ubuntu.com/ubuntu/ trusty/main libkrb5-26-heimdal amd64 1.6~git20131207+dfsg-1ubuntu1 [197 kB]
Get:27 http://us.archive.ubuntu.com/ubuntu/ trusty/main libheimntlm0-heimdal amd64 1.6~git20131207+dfsg-1ubuntu1 [15.2 kB]
Get:28 http://us.archive.ubuntu.com/ubuntu/ trusty/main libgssapi3-heimdal amd64 1.6~git20131207+dfsg-1ubuntu1 [90.1 kB]
Get:29 http://us.archive.ubuntu.com/ubuntu/ trusty/main libsasl2-modules-db amd64 2.1.25.dfsg1-17build1 [14.9 kB]
Get:30 http://us.archive.ubuntu.com/ubuntu/ trusty/main libsasl2-2 amd64 2.1.25.dfsg1-17build1 [56.5 kB]
Get:31 http://us.archive.ubuntu.com/ubuntu/ trusty/main libldap-2.4-2 amd64 2.4.31-1+nmu2ubuntu8 [154 kB]
Get:32 http://us.archive.ubuntu.com/ubuntu/ trusty/main librtmp0 amd64 2.4+20121230.gitdf6c518-1 [57.5 kB]
Get:33 http://us.archive.ubuntu.com/ubuntu/ trusty/main libcurl3-gnutls amd64 7.35.0-1ubuntu2 [165 kB]
Get:34 http://us.archive.ubuntu.com/ubuntu/ trusty/main libedit2 amd64 3.1-20130712-2 [86.7 kB]
Get:35 http://us.archive.ubuntu.com/ubuntu/ trusty/main libglib2.0-0 amd64 2.40.0-2 [1057 kB]
Get:36 http://us.archive.ubuntu.com/ubuntu/ trusty/main libxau6 amd64 1:1.0.8-1 [8376 B]
Get:37 http://us.archive.ubuntu.com/ubuntu/ trusty/main libxdmcp6 amd64 1:1.1.1-1 [12.8 kB]
Get:38 http://us.archive.ubuntu.com/ubuntu/ trusty/main libxcb1 amd64 1.10-2ubuntu1 [38.0 kB]
Get:39 http://us.archive.ubuntu.com/ubuntu/ trusty/main libx11-data all 2:1.6.2-1ubuntu2 [111 kB]
Get:40 http://us.archive.ubuntu.com/ubuntu/ trusty/main libx11-6 amd64 2:1.6.2-1ubuntu2 [560 kB]
Get:41 http://us.archive.ubuntu.com/ubuntu/ trusty/main libxext6 amd64 2:1.3.2-1 [33.9 kB]
Get:42 http://us.archive.ubuntu.com/ubuntu/ trusty/main libxml2 amd64 2.9.1+dfsg1-3ubuntu4 [571 kB]
Get:43 http://us.archive.ubuntu.com/ubuntu/ trusty/main libxmuu1 amd64 2:1.1.1-1 [11.0 kB]
Get:44 http://us.archive.ubuntu.com/ubuntu/ trusty/main sgml-base all 1.26+nmu4ubuntu1 [12.5 kB]
Get:45 http://us.archive.ubuntu.com/ubuntu/ trusty/main libasan0 amd64 4.8.2-19ubuntu1 [63.0 kB]
Get:46 http://us.archive.ubuntu.com/ubuntu/ trusty/main libatomic1 amd64 4.8.2-19ubuntu1 [8626 B]
Get:47 http://us.archive.ubuntu.com/ubuntu/ trusty/main libgmp10 amd64 2:5.1.3+dfsg-1ubuntu1 [218 kB]
Get:48 http://us.archive.ubuntu.com/ubuntu/ trusty/main libisl10 amd64 0.12.2-1 [419 kB]
Get:49 http://us.archive.ubuntu.com/ubuntu/ trusty/main libcloog-isl4 amd64 0.18.2-1 [57.5 kB]
Get:50 http://us.archive.ubuntu.com/ubuntu/ trusty/main libcurl3 amd64 7.35.0-1ubuntu2 [172 kB]
Get:51 http://us.archive.ubuntu.com/ubuntu/ trusty/main libgomp1 amd64 4.8.2-19ubuntu1 [23.2 kB]
Get:52 http://us.archive.ubuntu.com/ubuntu/ trusty/main libgssrpc4 amd64 1.12+dfsg-2ubuntu4 [53.1 kB]
Get:53 http://us.archive.ubuntu.com/ubuntu/ trusty/main libitm1 amd64 4.8.2-19ubuntu1 [28.5 kB]
Get:54 http://us.archive.ubuntu.com/ubuntu/ trusty/main libkadm5clnt-mit9 amd64 1.12+dfsg-2ubuntu4 [36.1 kB]
Get:55 http://us.archive.ubuntu.com/ubuntu/ trusty/main libkdb5-7 amd64 1.12+dfsg-2ubuntu4 [36.2 kB]
Get:56 http://us.archive.ubuntu.com/ubuntu/ trusty/main libkadm5srv-mit9 amd64 1.12+dfsg-2ubuntu4 [50.2 kB]
Get:57 http://us.archive.ubuntu.com/ubuntu/ trusty/main libmpfr4 amd64 3.1.2-1 [203 kB]
Get:58 http://us.archive.ubuntu.com/ubuntu/ trusty/main libquadmath0 amd64 4.8.2-19ubuntu1 [126 kB]
Get:59 http://us.archive.ubuntu.com/ubuntu/ trusty/main libtsan0 amd64 4.8.2-19ubuntu1 [94.7 kB]
Get:60 http://us.archive.ubuntu.com/ubuntu/ trusty/main libpython2.7-minimal amd64 2.7.6-8 [307 kB]
Get:61 http://us.archive.ubuntu.com/ubuntu/ trusty/main python2.7-minimal amd64 2.7.6-8 [1190 kB]
Get:62 http://us.archive.ubuntu.com/ubuntu/ trusty/main libgnutlsxx27 amd64 2.12.23-12ubuntu2 [17.3 kB]
Get:63 http://us.archive.ubuntu.com/ubuntu/ trusty/main libmpc3 amd64 1.0.1-1ubuntu1 [38.4 kB]
Get:64 http://us.archive.ubuntu.com/ubuntu/ trusty/main bzip2 amd64 1.0.6-5 [38.8 kB]
Get:65 http://us.archive.ubuntu.com/ubuntu/ trusty/main file amd64 1:5.14-2ubuntu3 [18.8 kB]
Get:66 http://us.archive.ubuntu.com/ubuntu/ trusty/main less amd64 458-2 [116 kB]
Get:67 http://us.archive.ubuntu.com/ubuntu/ trusty/main perl-modules all 5.18.2-2ubuntu1 [2696 kB]
Get:68 http://us.archive.ubuntu.com/ubuntu/ trusty/main perl amd64 5.18.2-2ubuntu1 [2659 kB]
Get:69 http://us.archive.ubuntu.com/ubuntu/ trusty/main libarchive-extract-perl all 0.70-1 [20.3 kB]
Get:70 http://us.archive.ubuntu.com/ubuntu/ trusty/main liblog-message-simple-perl all 0.10-1 [7656 B]
Get:71 http://us.archive.ubuntu.com/ubuntu/ trusty/main libmodule-pluggable-perl all 5.1-1 [21.2 kB]
Get:72 http://us.archive.ubuntu.com/ubuntu/ trusty/main libpod-latex-perl all 0.61-1 [32.9 kB]
Get:73 http://us.archive.ubuntu.com/ubuntu/ trusty/main libterm-ui-perl all 0.42-1 [18.3 kB]
Get:74 http://us.archive.ubuntu.com/ubuntu/ trusty/main libtext-soundex-perl amd64 3.4-1build1 [13.4 kB]
Get:75 http://us.archive.ubuntu.com/ubuntu/ trusty/main mime-support all 3.54ubuntu1 [31.7 kB]
Get:76 http://us.archive.ubuntu.com/ubuntu/ trusty/main netbase all 5.2 [12.9 kB]
Get:77 http://us.archive.ubuntu.com/ubuntu/ trusty/main openssl amd64 1.0.1f-1ubuntu2 [489 kB]
Get:78 http://us.archive.ubuntu.com/ubuntu/ trusty/main ca-certificates all 20130906ubuntu2 [175 kB]
Get:79 http://us.archive.ubuntu.com/ubuntu/ trusty/main krb5-locales all 1.12+dfsg-2ubuntu4 [12.3 kB]
Get:80 http://us.archive.ubuntu.com/ubuntu/ trusty/main libglib2.0-data all 2.40.0-2 [116 kB]
Get:81 http://us.archive.ubuntu.com/ubuntu/ trusty/main libsasl2-modules amd64 2.1.25.dfsg1-17build1 [64.3 kB]
Get:82 http://us.archive.ubuntu.com/ubuntu/ trusty/main manpages all 3.54-1ubuntu1 [627 kB]
Get:83 http://us.archive.ubuntu.com/ubuntu/ trusty/main openssh-client amd64 1:6.6p1-2ubuntu1 [566 kB]
Get:84 http://us.archive.ubuntu.com/ubuntu/ trusty/main rsync amd64 3.1.0-2 [310 kB]
Get:85 http://us.archive.ubuntu.com/ubuntu/ trusty/main shared-mime-info amd64 1.2-0ubuntu3 [415 kB]
Get:86 http://us.archive.ubuntu.com/ubuntu/ trusty/main wget amd64 1.15-1ubuntu1 [270 kB]
Get:87 http://us.archive.ubuntu.com/ubuntu/ trusty/main xauth amd64 1:1.0.7-1ubuntu1 [25.8 kB]
Get:88 http://us.archive.ubuntu.com/ubuntu/ trusty/main xml-core all 0.13+nmu2 [23.3 kB]
Get:89 http://us.archive.ubuntu.com/ubuntu/ trusty/main binutils amd64 2.24-5ubuntu3 [2071 kB]
Get:90 http://us.archive.ubuntu.com/ubuntu/ trusty/main libc-dev-bin amd64 2.19-0ubuntu6 [69.0 kB]
Get:91 http://us.archive.ubuntu.com/ubuntu/ trusty/main linux-libc-dev amd64 3.13.0-24.46 [781 kB]
Get:92 http://us.archive.ubuntu.com/ubuntu/ trusty/main libc6-dev amd64 2.19-0ubuntu6 [1911 kB]
Get:93 http://us.archive.ubuntu.com/ubuntu/ trusty/main cpp-4.8 amd64 4.8.2-19ubuntu1 [4439 kB]
Get:94 http://us.archive.ubuntu.com/ubuntu/ trusty/main cpp amd64 4:4.8.2-1ubuntu6 [27.5 kB]
Get:95 http://us.archive.ubuntu.com/ubuntu/ trusty/main libgcc-4.8-dev amd64 4.8.2-19ubuntu1 [1688 kB]
Get:96 http://us.archive.ubuntu.com/ubuntu/ trusty/main gcc-4.8 amd64 4.8.2-19ubuntu1 [5012 kB]
Get:97 http://us.archive.ubuntu.com/ubuntu/ trusty/main gcc amd64 4:4.8.2-1ubuntu6 [5098 B]
Get:98 http://us.archive.ubuntu.com/ubuntu/ trusty/main libstdc++-4.8-dev amd64 4.8.2-19ubuntu1 [1050 kB]
Get:99 http://us.archive.ubuntu.com/ubuntu/ trusty/main g++-4.8 amd64 4.8.2-19ubuntu1 [7038 kB]
Get:100 http://us.archive.ubuntu.com/ubuntu/ trusty/main g++ amd64 4:4.8.2-1ubuntu6 [1490 B]
Get:101 http://us.archive.ubuntu.com/ubuntu/ trusty/main make amd64 3.81-8.2ubuntu3 [119 kB]
Get:102 http://us.archive.ubuntu.com/ubuntu/ trusty/main libtimedate-perl all 2.3000-1 [37.2 kB]
Get:103 http://us.archive.ubuntu.com/ubuntu/ trusty/main libdpkg-perl all 1.17.5ubuntu5 [178 kB]
Get:104 http://us.archive.ubuntu.com/ubuntu/ trusty/main xz-utils amd64 5.1.1alpha+20120614-2ubuntu2 [78.8 kB]
Get:105 http://us.archive.ubuntu.com/ubuntu/ trusty/main patch amd64 2.7.1-4 [93.8 kB]
Get:106 http://us.archive.ubuntu.com/ubuntu/ trusty/main dpkg-dev all 1.17.5ubuntu5 [726 kB]
Get:107 http://us.archive.ubuntu.com/ubuntu/ trusty/main build-essential amd64 11.6ubuntu6 [4838 B]
Get:108 http://us.archive.ubuntu.com/ubuntu/ trusty/main curl amd64 7.35.0-1ubuntu2 [123 kB]
Get:109 http://us.archive.ubuntu.com/ubuntu/ trusty/main libfakeroot amd64 1.20-3ubuntu2 [25.4 kB]
Get:110 http://us.archive.ubuntu.com/ubuntu/ trusty/main fakeroot amd64 1.20-3ubuntu2 [55.0 kB]
Get:111 http://us.archive.ubuntu.com/ubuntu/ trusty/main liberror-perl all 0.17-1.1 [21.1 kB]
Get:112 http://us.archive.ubuntu.com/ubuntu/ trusty/main git-man all 1:1.9.1-1 [698 kB]
Get:113 http://us.archive.ubuntu.com/ubuntu/ trusty/main git amd64 1:1.9.1-1 [2555 kB]
Get:114 http://us.archive.ubuntu.com/ubuntu/ trusty/main comerr-dev amd64 2.1-1.42.9-3ubuntu1 [38.3 kB]
Get:115 http://us.archive.ubuntu.com/ubuntu/ trusty/main krb5-multidev amd64 1.12+dfsg-2ubuntu4 [111 kB]
Get:116 http://us.archive.ubuntu.com/ubuntu/ trusty/main libalgorithm-diff-perl all 1.19.02-3 [50.0 kB]
Get:117 http://us.archive.ubuntu.com/ubuntu/ trusty/main libalgorithm-diff-xs-perl amd64 0.04-2build4 [12.6 kB]
Get:118 http://us.archive.ubuntu.com/ubuntu/ trusty/main libalgorithm-merge-perl all 0.08-2 [12.7 kB]
Get:119 http://us.archive.ubuntu.com/ubuntu/ trusty/main pkg-config amd64 0.26-1ubuntu4 [40.9 kB]
Get:120 http://us.archive.ubuntu.com/ubuntu/ trusty/main libidn11-dev amd64 1.28-1ubuntu2 [517 kB]
Get:121 http://us.archive.ubuntu.com/ubuntu/ trusty/main libkrb5-dev amd64 1.12+dfsg-2ubuntu4 [14.4 kB]
Get:122 http://us.archive.ubuntu.com/ubuntu/ trusty/main libldap2-dev amd64 2.4.31-1+nmu2ubuntu8 [259 kB]
Get:123 http://us.archive.ubuntu.com/ubuntu/ trusty/main libgpg-error-dev amd64 1.12-0.2ubuntu1 [20.1 kB]
Get:124 http://us.archive.ubuntu.com/ubuntu/ trusty/main libgcrypt11-dev amd64 1.5.3-2ubuntu4 [273 kB]
Get:125 http://us.archive.ubuntu.com/ubuntu/ trusty/main zlib1g-dev amd64 1:1.2.8.dfsg-1ubuntu1 [183 kB]
Get:126 http://us.archive.ubuntu.com/ubuntu/ trusty/main libtasn1-6-dev amd64 3.4-3 [383 kB]
Get:127 http://us.archive.ubuntu.com/ubuntu/ trusty/main libp11-kit-dev amd64 0.20.2-2ubuntu2 [56.4 kB]
Get:128 http://us.archive.ubuntu.com/ubuntu/ trusty/main libgnutls-dev amd64 2.12.23-12ubuntu2 [371 kB]
Get:129 http://us.archive.ubuntu.com/ubuntu/ trusty/main librtmp-dev amd64 2.4+20121230.gitdf6c518-1 [67.1 kB]
Get:130 http://us.archive.ubuntu.com/ubuntu/ trusty/main libssl-dev amd64 1.0.1f-1ubuntu2 [1066 kB]
Get:131 http://us.archive.ubuntu.com/ubuntu/ trusty/main libcurl4-openssl-dev amd64 7.35.0-1ubuntu2 [243 kB]
Get:132 http://us.archive.ubuntu.com/ubuntu/ trusty/main libfile-fcntllock-perl amd64 0.14-2build1 [15.9 kB]
Get:133 http://us.archive.ubuntu.com/ubuntu/ trusty/main libpython2.7-stdlib amd64 2.7.6-8 [1872 kB]
Get:134 http://us.archive.ubuntu.com/ubuntu/ trusty/main libpython-stdlib amd64 2.7.5-5ubuntu3 [7012 B]
Get:135 http://us.archive.ubuntu.com/ubuntu/ trusty/main libssl-doc all 1.0.1f-1ubuntu2 [965 kB]
Get:136 http://us.archive.ubuntu.com/ubuntu/ trusty/main manpages-dev all 3.54-1ubuntu1 [1820 kB]
Get:137 http://us.archive.ubuntu.com/ubuntu/ trusty/main python2.7 amd64 2.7.6-8 [197 kB]
Get:138 http://us.archive.ubuntu.com/ubuntu/ trusty/main python-minimal amd64 2.7.5-5ubuntu3 [27.5 kB]
Get:139 http://us.archive.ubuntu.com/ubuntu/ trusty/main python amd64 2.7.5-5ubuntu3 [134 kB]
Get:140 http://us.archive.ubuntu.com/ubuntu/ trusty/main unzip amd64 6.0-9ubuntu1 [193 kB]
Get:141 http://us.archive.ubuntu.com/ubuntu/ trusty/main zip amd64 3.0-8 [262 kB]
debconf: delaying package configuration, since apt-utils is not installed
Fetched 56.5 MB in 17s (3311 kB/s)
Selecting previously unselected package libexpat1:amd64.
(Reading database ... 7401 files and directories currently installed.)
Preparing to unpack .../libexpat1_2.1.0-4ubuntu1_amd64.deb ...
Unpacking libexpat1:amd64 (2.1.0-4ubuntu1) ...
Selecting previously unselected package libffi6:amd64.
Preparing to unpack .../libffi6_3.1~rc1+r3.0.13-12_amd64.deb ...
Unpacking libffi6:amd64 (3.1~rc1+r3.0.13-12) ...
Selecting previously unselected package libgpg-error0:amd64.
Preparing to unpack .../libgpg-error0_1.12-0.2ubuntu1_amd64.deb ...
Unpacking libgpg-error0:amd64 (1.12-0.2ubuntu1) ...
Selecting previously unselected package libgcrypt11:amd64.
Preparing to unpack .../libgcrypt11_1.5.3-2ubuntu4_amd64.deb ...
Unpacking libgcrypt11:amd64 (1.5.3-2ubuntu4) ...
Selecting previously unselected package libgdbm3:amd64.
Preparing to unpack .../libgdbm3_1.8.3-12build1_amd64.deb ...
Unpacking libgdbm3:amd64 (1.8.3-12build1) ...
Selecting previously unselected package libp11-kit0:amd64.
Preparing to unpack .../libp11-kit0_0.20.2-2ubuntu2_amd64.deb ...
Unpacking libp11-kit0:amd64 (0.20.2-2ubuntu2) ...
Selecting previously unselected package libtasn1-6:amd64.
Preparing to unpack .../libtasn1-6_3.4-3_amd64.deb ...
Unpacking libtasn1-6:amd64 (3.4-3) ...
Selecting previously unselected package libgnutls26:amd64.
Preparing to unpack .../libgnutls26_2.12.23-12ubuntu2_amd64.deb ...
Unpacking libgnutls26:amd64 (2.12.23-12ubuntu2) ...
Selecting previously unselected package libgnutls-openssl27:amd64.
Preparing to unpack .../libgnutls-openssl27_2.12.23-12ubuntu2_amd64.deb ...
Unpacking libgnutls-openssl27:amd64 (2.12.23-12ubuntu2) ...
Selecting previously unselected package libmagic1:amd64.
Preparing to unpack .../libmagic1_1%3a5.14-2ubuntu3_amd64.deb ...
Unpacking libmagic1:amd64 (1:5.14-2ubuntu3) ...
Selecting previously unselected package libpopt0:amd64.
Preparing to unpack .../libpopt0_1.16-8ubuntu1_amd64.deb ...
Unpacking libpopt0:amd64 (1.16-8ubuntu1) ...
Selecting previously unselected package libsqlite3-0:amd64.
Preparing to unpack .../libsqlite3-0_3.8.2-1ubuntu2_amd64.deb ...
Unpacking libsqlite3-0:amd64 (3.8.2-1ubuntu2) ...
Selecting previously unselected package libssl1.0.0:amd64.
Preparing to unpack .../libssl1.0.0_1.0.1f-1ubuntu2_amd64.deb ...
Unpacking libssl1.0.0:amd64 (1.0.1f-1ubuntu2) ...
Selecting previously unselected package libroken18-heimdal:amd64.
Preparing to unpack .../libroken18-heimdal_1.6~git20131207+dfsg-1ubuntu1_amd64.deb ...
Unpacking libroken18-heimdal:amd64 (1.6~git20131207+dfsg-1ubuntu1) ...
Selecting previously unselected package libasn1-8-heimdal:amd64.
Preparing to unpack .../libasn1-8-heimdal_1.6~git20131207+dfsg-1ubuntu1_amd64.deb ...
Unpacking libasn1-8-heimdal:amd64 (1.6~git20131207+dfsg-1ubuntu1) ...
Selecting previously unselected package libkrb5support0:amd64.
Preparing to unpack .../libkrb5support0_1.12+dfsg-2ubuntu4_amd64.deb ...
Unpacking libkrb5support0:amd64 (1.12+dfsg-2ubuntu4) ...
Selecting previously unselected package libk5crypto3:amd64.
Preparing to unpack .../libk5crypto3_1.12+dfsg-2ubuntu4_amd64.deb ...
Unpacking libk5crypto3:amd64 (1.12+dfsg-2ubuntu4) ...
Selecting previously unselected package libkeyutils1:amd64.
Preparing to unpack .../libkeyutils1_1.5.6-1_amd64.deb ...
Unpacking libkeyutils1:amd64 (1.5.6-1) ...
Selecting previously unselected package libkrb5-3:amd64.
Preparing to unpack .../libkrb5-3_1.12+dfsg-2ubuntu4_amd64.deb ...
Unpacking libkrb5-3:amd64 (1.12+dfsg-2ubuntu4) ...
Selecting previously unselected package libgssapi-krb5-2:amd64.
Preparing to unpack .../libgssapi-krb5-2_1.12+dfsg-2ubuntu4_amd64.deb ...
Unpacking libgssapi-krb5-2:amd64 (1.12+dfsg-2ubuntu4) ...
Selecting previously unselected package libidn11:amd64.
Preparing to unpack .../libidn11_1.28-1ubuntu2_amd64.deb ...
Unpacking libidn11:amd64 (1.28-1ubuntu2) ...
Selecting previously unselected package libhcrypto4-heimdal:amd64.
Preparing to unpack .../libhcrypto4-heimdal_1.6~git20131207+dfsg-1ubuntu1_amd64.deb ...
Unpacking libhcrypto4-heimdal:amd64 (1.6~git20131207+dfsg-1ubuntu1) ...
Selecting previously unselected package libheimbase1-heimdal:amd64.
Preparing to unpack .../libheimbase1-heimdal_1.6~git20131207+dfsg-1ubuntu1_amd64.deb ...
Unpacking libheimbase1-heimdal:amd64 (1.6~git20131207+dfsg-1ubuntu1) ...
Selecting previously unselected package libwind0-heimdal:amd64.
Preparing to unpack .../libwind0-heimdal_1.6~git20131207+dfsg-1ubuntu1_amd64.deb ...
Unpacking libwind0-heimdal:amd64 (1.6~git20131207+dfsg-1ubuntu1) ...
Selecting previously unselected package libhx509-5-heimdal:amd64.
Preparing to unpack .../libhx509-5-heimdal_1.6~git20131207+dfsg-1ubuntu1_amd64.deb ...
Unpacking libhx509-5-heimdal:amd64 (1.6~git20131207+dfsg-1ubuntu1) ...
Selecting previously unselected package libkrb5-26-heimdal:amd64.
Preparing to unpack .../libkrb5-26-heimdal_1.6~git20131207+dfsg-1ubuntu1_amd64.deb ...
Unpacking libkrb5-26-heimdal:amd64 (1.6~git20131207+dfsg-1ubuntu1) ...
Selecting previously unselected package libheimntlm0-heimdal:amd64.
Preparing to unpack .../libheimntlm0-heimdal_1.6~git20131207+dfsg-1ubuntu1_amd64.deb ...
Unpacking libheimntlm0-heimdal:amd64 (1.6~git20131207+dfsg-1ubuntu1) ...
Selecting previously unselected package libgssapi3-heimdal:amd64.
Preparing to unpack .../libgssapi3-heimdal_1.6~git20131207+dfsg-1ubuntu1_amd64.deb ...
Unpacking libgssapi3-heimdal:amd64 (1.6~git20131207+dfsg-1ubuntu1) ...
Selecting previously unselected package libsasl2-modules-db:amd64.
Preparing to unpack .../libsasl2-modules-db_2.1.25.dfsg1-17build1_amd64.deb ...
Unpacking libsasl2-modules-db:amd64 (2.1.25.dfsg1-17build1) ...
Selecting previously unselected package libsasl2-2:amd64.
Preparing to unpack .../libsasl2-2_2.1.25.dfsg1-17build1_amd64.deb ...
Unpacking libsasl2-2:amd64 (2.1.25.dfsg1-17build1) ...
Selecting previously unselected package libldap-2.4-2:amd64.
Preparing to unpack .../libldap-2.4-2_2.4.31-1+nmu2ubuntu8_amd64.deb ...
Unpacking libldap-2.4-2:amd64 (2.4.31-1+nmu2ubuntu8) ...
Selecting previously unselected package librtmp0:amd64.
Preparing to unpack .../librtmp0_2.4+20121230.gitdf6c518-1_amd64.deb ...
Unpacking librtmp0:amd64 (2.4+20121230.gitdf6c518-1) ...
Selecting previously unselected package libcurl3-gnutls:amd64.
Preparing to unpack .../libcurl3-gnutls_7.35.0-1ubuntu2_amd64.deb ...
Unpacking libcurl3-gnutls:amd64 (7.35.0-1ubuntu2) ...
Selecting previously unselected package libedit2:amd64.
Preparing to unpack .../libedit2_3.1-20130712-2_amd64.deb ...
Unpacking libedit2:amd64 (3.1-20130712-2) ...
Selecting previously unselected package libglib2.0-0:amd64.
Preparing to unpack .../libglib2.0-0_2.40.0-2_amd64.deb ...
Unpacking libglib2.0-0:amd64 (2.40.0-2) ...
Selecting previously unselected package libxau6:amd64.
Preparing to unpack .../libxau6_1%3a1.0.8-1_amd64.deb ...
Unpacking libxau6:amd64 (1:1.0.8-1) ...
Selecting previously unselected package libxdmcp6:amd64.
Preparing to unpack .../libxdmcp6_1%3a1.1.1-1_amd64.deb ...
Unpacking libxdmcp6:amd64 (1:1.1.1-1) ...
Selecting previously unselected package libxcb1:amd64.
Preparing to unpack .../libxcb1_1.10-2ubuntu1_amd64.deb ...
Unpacking libxcb1:amd64 (1.10-2ubuntu1) ...
Selecting previously unselected package libx11-data.
Preparing to unpack .../libx11-data_2%3a1.6.2-1ubuntu2_all.deb ...
Unpacking libx11-data (2:1.6.2-1ubuntu2) ...
Selecting previously unselected package libx11-6:amd64.
Preparing to unpack .../libx11-6_2%3a1.6.2-1ubuntu2_amd64.deb ...
Unpacking libx11-6:amd64 (2:1.6.2-1ubuntu2) ...
Selecting previously unselected package libxext6:amd64.
Preparing to unpack .../libxext6_2%3a1.3.2-1_amd64.deb ...
Unpacking libxext6:amd64 (2:1.3.2-1) ...
Selecting previously unselected package libxml2:amd64.
Preparing to unpack .../libxml2_2.9.1+dfsg1-3ubuntu4_amd64.deb ...
Unpacking libxml2:amd64 (2.9.1+dfsg1-3ubuntu4) ...
Selecting previously unselected package libxmuu1:amd64.
Preparing to unpack .../libxmuu1_2%3a1.1.1-1_amd64.deb ...
Unpacking libxmuu1:amd64 (2:1.1.1-1) ...
Selecting previously unselected package sgml-base.
Preparing to unpack .../sgml-base_1.26+nmu4ubuntu1_all.deb ...
Unpacking sgml-base (1.26+nmu4ubuntu1) ...
Selecting previously unselected package libasan0:amd64.
Preparing to unpack .../libasan0_4.8.2-19ubuntu1_amd64.deb ...
Unpacking libasan0:amd64 (4.8.2-19ubuntu1) ...
Selecting previously unselected package libatomic1:amd64.
Preparing to unpack .../libatomic1_4.8.2-19ubuntu1_amd64.deb ...
Unpacking libatomic1:amd64 (4.8.2-19ubuntu1) ...
Selecting previously unselected package libgmp10:amd64.
Preparing to unpack .../libgmp10_2%3a5.1.3+dfsg-1ubuntu1_amd64.deb ...
Unpacking libgmp10:amd64 (2:5.1.3+dfsg-1ubuntu1) ...
Selecting previously unselected package libisl10:amd64.
Preparing to unpack .../libisl10_0.12.2-1_amd64.deb ...
Unpacking libisl10:amd64 (0.12.2-1) ...
Selecting previously unselected package libcloog-isl4:amd64.
Preparing to unpack .../libcloog-isl4_0.18.2-1_amd64.deb ...
Unpacking libcloog-isl4:amd64 (0.18.2-1) ...
Selecting previously unselected package libcurl3:amd64.
Preparing to unpack .../libcurl3_7.35.0-1ubuntu2_amd64.deb ...
Unpacking libcurl3:amd64 (7.35.0-1ubuntu2) ...
Selecting previously unselected package libgomp1:amd64.
Preparing to unpack .../libgomp1_4.8.2-19ubuntu1_amd64.deb ...
Unpacking libgomp1:amd64 (4.8.2-19ubuntu1) ...
Selecting previously unselected package libgssrpc4:amd64.
Preparing to unpack .../libgssrpc4_1.12+dfsg-2ubuntu4_amd64.deb ...
Unpacking libgssrpc4:amd64 (1.12+dfsg-2ubuntu4) ...
Selecting previously unselected package libitm1:amd64.
Preparing to unpack .../libitm1_4.8.2-19ubuntu1_amd64.deb ...
Unpacking libitm1:amd64 (4.8.2-19ubuntu1) ...
Selecting previously unselected package libkadm5clnt-mit9:amd64.
Preparing to unpack .../libkadm5clnt-mit9_1.12+dfsg-2ubuntu4_amd64.deb ...
Unpacking libkadm5clnt-mit9:amd64 (1.12+dfsg-2ubuntu4) ...
Selecting previously unselected package libkdb5-7:amd64.
Preparing to unpack .../libkdb5-7_1.12+dfsg-2ubuntu4_amd64.deb ...
Unpacking libkdb5-7:amd64 (1.12+dfsg-2ubuntu4) ...
Selecting previously unselected package libkadm5srv-mit9:amd64.
Preparing to unpack .../libkadm5srv-mit9_1.12+dfsg-2ubuntu4_amd64.deb ...
Unpacking libkadm5srv-mit9:amd64 (1.12+dfsg-2ubuntu4) ...
Selecting previously unselected package libmpfr4:amd64.
Preparing to unpack .../libmpfr4_3.1.2-1_amd64.deb ...
Unpacking libmpfr4:amd64 (3.1.2-1) ...
Selecting previously unselected package libquadmath0:amd64.
Preparing to unpack .../libquadmath0_4.8.2-19ubuntu1_amd64.deb ...
Unpacking libquadmath0:amd64 (4.8.2-19ubuntu1) ...
Selecting previously unselected package libtsan0:amd64.
Preparing to unpack .../libtsan0_4.8.2-19ubuntu1_amd64.deb ...
Unpacking libtsan0:amd64 (4.8.2-19ubuntu1) ...
Selecting previously unselected package libpython2.7-minimal:amd64.
Preparing to unpack .../libpython2.7-minimal_2.7.6-8_amd64.deb ...
Unpacking libpython2.7-minimal:amd64 (2.7.6-8) ...
Selecting previously unselected package python2.7-minimal.
Preparing to unpack .../python2.7-minimal_2.7.6-8_amd64.deb ...
Unpacking python2.7-minimal (2.7.6-8) ...
Selecting previously unselected package libgnutlsxx27:amd64.
Preparing to unpack .../libgnutlsxx27_2.12.23-12ubuntu2_amd64.deb ...
Unpacking libgnutlsxx27:amd64 (2.12.23-12ubuntu2) ...
Selecting previously unselected package libmpc3:amd64.
Preparing to unpack .../libmpc3_1.0.1-1ubuntu1_amd64.deb ...
Unpacking libmpc3:amd64 (1.0.1-1ubuntu1) ...
Selecting previously unselected package bzip2.
Preparing to unpack .../bzip2_1.0.6-5_amd64.deb ...
Unpacking bzip2 (1.0.6-5) ...
Selecting previously unselected package file.
Preparing to unpack .../file_1%3a5.14-2ubuntu3_amd64.deb ...
Unpacking file (1:5.14-2ubuntu3) ...
Selecting previously unselected package less.
Preparing to unpack .../archives/less_458-2_amd64.deb ...
Unpacking less (458-2) ...
Selecting previously unselected package perl-modules.
Preparing to unpack .../perl-modules_5.18.2-2ubuntu1_all.deb ...
Unpacking perl-modules (5.18.2-2ubuntu1) ...
Selecting previously unselected package perl.
Preparing to unpack .../perl_5.18.2-2ubuntu1_amd64.deb ...
Unpacking perl (5.18.2-2ubuntu1) ...
Selecting previously unselected package libarchive-extract-perl.
Preparing to unpack .../libarchive-extract-perl_0.70-1_all.deb ...
Unpacking libarchive-extract-perl (0.70-1) ...
Selecting previously unselected package liblog-message-simple-perl.
Preparing to unpack .../liblog-message-simple-perl_0.10-1_all.deb ...
Unpacking liblog-message-simple-perl (0.10-1) ...
Selecting previously unselected package libmodule-pluggable-perl.
Preparing to unpack .../libmodule-pluggable-perl_5.1-1_all.deb ...
Unpacking libmodule-pluggable-perl (5.1-1) ...
Selecting previously unselected package libpod-latex-perl.
Preparing to unpack .../libpod-latex-perl_0.61-1_all.deb ...
Adding 'diversion of /usr/bin/pod2latex to /usr/bin/pod2latex.bundled by libpod-latex-perl'
Adding 'diversion of /usr/share/man/man1/pod2latex.1.gz to /usr/share/man/man1/pod2latex.bundled.1.gz by libpod-latex-perl'
Unpacking libpod-latex-perl (0.61-1) ...
Selecting previously unselected package libterm-ui-perl.
Preparing to unpack .../libterm-ui-perl_0.42-1_all.deb ...
Unpacking libterm-ui-perl (0.42-1) ...
Selecting previously unselected package libtext-soundex-perl.
Preparing to unpack .../libtext-soundex-perl_3.4-1build1_amd64.deb ...
Unpacking libtext-soundex-perl (3.4-1build1) ...
Selecting previously unselected package mime-support.
Preparing to unpack .../mime-support_3.54ubuntu1_all.deb ...
Unpacking mime-support (3.54ubuntu1) ...
Selecting previously unselected package netbase.
Preparing to unpack .../archives/netbase_5.2_all.deb ...
Unpacking netbase (5.2) ...
Selecting previously unselected package openssl.
Preparing to unpack .../openssl_1.0.1f-1ubuntu2_amd64.deb ...
Unpacking openssl (1.0.1f-1ubuntu2) ...
Selecting previously unselected package ca-certificates.
Preparing to unpack .../ca-certificates_20130906ubuntu2_all.deb ...
Unpacking ca-certificates (20130906ubuntu2) ...
Selecting previously unselected package krb5-locales.
Preparing to unpack .../krb5-locales_1.12+dfsg-2ubuntu4_all.deb ...
Unpacking krb5-locales (1.12+dfsg-2ubuntu4) ...
Selecting previously unselected package libglib2.0-data.
Preparing to unpack .../libglib2.0-data_2.40.0-2_all.deb ...
Unpacking libglib2.0-data (2.40.0-2) ...
Selecting previously unselected package libsasl2-modules:amd64.
Preparing to unpack .../libsasl2-modules_2.1.25.dfsg1-17build1_amd64.deb ...
Unpacking libsasl2-modules:amd64 (2.1.25.dfsg1-17build1) ...
Selecting previously unselected package manpages.
Preparing to unpack .../manpages_3.54-1ubuntu1_all.deb ...
Unpacking manpages (3.54-1ubuntu1) ...
Selecting previously unselected package openssh-client.
Preparing to unpack .../openssh-client_1%3a6.6p1-2ubuntu1_amd64.deb ...
Unpacking openssh-client (1:6.6p1-2ubuntu1) ...
Selecting previously unselected package rsync.
Preparing to unpack .../rsync_3.1.0-2_amd64.deb ...
Unpacking rsync (3.1.0-2) ...
Selecting previously unselected package shared-mime-info.
Preparing to unpack .../shared-mime-info_1.2-0ubuntu3_amd64.deb ...
Unpacking shared-mime-info (1.2-0ubuntu3) ...
Selecting previously unselected package wget.
Preparing to unpack .../wget_1.15-1ubuntu1_amd64.deb ...
Unpacking wget (1.15-1ubuntu1) ...
Selecting previously unselected package xauth.
Preparing to unpack .../xauth_1%3a1.0.7-1ubuntu1_amd64.deb ...
Unpacking xauth (1:1.0.7-1ubuntu1) ...
Selecting previously unselected package xml-core.
Preparing to unpack .../xml-core_0.13+nmu2_all.deb ...
Unpacking xml-core (0.13+nmu2) ...
Selecting previously unselected package binutils.
Preparing to unpack .../binutils_2.24-5ubuntu3_amd64.deb ...
Unpacking binutils (2.24-5ubuntu3) ...
Selecting previously unselected package libc-dev-bin.
Preparing to unpack .../libc-dev-bin_2.19-0ubuntu6_amd64.deb ...
Unpacking libc-dev-bin (2.19-0ubuntu6) ...
Selecting previously unselected package linux-libc-dev:amd64.
Preparing to unpack .../linux-libc-dev_3.13.0-24.46_amd64.deb ...
Unpacking linux-libc-dev:amd64 (3.13.0-24.46) ...
Selecting previously unselected package libc6-dev:amd64.
Preparing to unpack .../libc6-dev_2.19-0ubuntu6_amd64.deb ...
Unpacking libc6-dev:amd64 (2.19-0ubuntu6) ...
Selecting previously unselected package cpp-4.8.
Preparing to unpack .../cpp-4.8_4.8.2-19ubuntu1_amd64.deb ...
Unpacking cpp-4.8 (4.8.2-19ubuntu1) ...
Selecting previously unselected package cpp.
Preparing to unpack .../cpp_4%3a4.8.2-1ubuntu6_amd64.deb ...
Unpacking cpp (4:4.8.2-1ubuntu6) ...
Selecting previously unselected package libgcc-4.8-dev:amd64.
Preparing to unpack .../libgcc-4.8-dev_4.8.2-19ubuntu1_amd64.deb ...
Unpacking libgcc-4.8-dev:amd64 (4.8.2-19ubuntu1) ...
Selecting previously unselected package gcc-4.8.
Preparing to unpack .../gcc-4.8_4.8.2-19ubuntu1_amd64.deb ...
Unpacking gcc-4.8 (4.8.2-19ubuntu1) ...
Selecting previously unselected package gcc.
Preparing to unpack .../gcc_4%3a4.8.2-1ubuntu6_amd64.deb ...
Unpacking gcc (4:4.8.2-1ubuntu6) ...
Selecting previously unselected package libstdc++-4.8-dev:amd64.
Preparing to unpack .../libstdc++-4.8-dev_4.8.2-19ubuntu1_amd64.deb ...
Unpacking libstdc++-4.8-dev:amd64 (4.8.2-19ubuntu1) ...
Selecting previously unselected package g++-4.8.
Preparing to unpack .../g++-4.8_4.8.2-19ubuntu1_amd64.deb ...
Unpacking g++-4.8 (4.8.2-19ubuntu1) ...
Selecting previously unselected package g++.
Preparing to unpack .../g++_4%3a4.8.2-1ubuntu6_amd64.deb ...
Unpacking g++ (4:4.8.2-1ubuntu6) ...
Selecting previously unselected package make.
Preparing to unpack .../make_3.81-8.2ubuntu3_amd64.deb ...
Unpacking make (3.81-8.2ubuntu3) ...
Selecting previously unselected package libtimedate-perl.
Preparing to unpack .../libtimedate-perl_2.3000-1_all.deb ...
Unpacking libtimedate-perl (2.3000-1) ...
Selecting previously unselected package libdpkg-perl.
Preparing to unpack .../libdpkg-perl_1.17.5ubuntu5_all.deb ...
Unpacking libdpkg-perl (1.17.5ubuntu5) ...
Selecting previously unselected package xz-utils.
Preparing to unpack .../xz-utils_5.1.1alpha+20120614-2ubuntu2_amd64.deb ...
Unpacking xz-utils (5.1.1alpha+20120614-2ubuntu2) ...
Selecting previously unselected package patch.
Preparing to unpack .../patch_2.7.1-4_amd64.deb ...
Unpacking patch (2.7.1-4) ...
Selecting previously unselected package dpkg-dev.
Preparing to unpack .../dpkg-dev_1.17.5ubuntu5_all.deb ...
Unpacking dpkg-dev (1.17.5ubuntu5) ...
Selecting previously unselected package build-essential.
Preparing to unpack .../build-essential_11.6ubuntu6_amd64.deb ...
Unpacking build-essential (11.6ubuntu6) ...
Selecting previously unselected package curl.
Preparing to unpack .../curl_7.35.0-1ubuntu2_amd64.deb ...
Unpacking curl (7.35.0-1ubuntu2) ...
Selecting previously unselected package libfakeroot:amd64.
Preparing to unpack .../libfakeroot_1.20-3ubuntu2_amd64.deb ...
Unpacking libfakeroot:amd64 (1.20-3ubuntu2) ...
Selecting previously unselected package fakeroot.
Preparing to unpack .../fakeroot_1.20-3ubuntu2_amd64.deb ...
Unpacking fakeroot (1.20-3ubuntu2) ...
Selecting previously unselected package liberror-perl.
Preparing to unpack .../liberror-perl_0.17-1.1_all.deb ...
Unpacking liberror-perl (0.17-1.1) ...
Selecting previously unselected package git-man.
Preparing to unpack .../git-man_1%3a1.9.1-1_all.deb ...
Unpacking git-man (1:1.9.1-1) ...
Selecting previously unselected package git.
Preparing to unpack .../git_1%3a1.9.1-1_amd64.deb ...
Unpacking git (1:1.9.1-1) ...
Selecting previously unselected package comerr-dev.
Preparing to unpack .../comerr-dev_2.1-1.42.9-3ubuntu1_amd64.deb ...
Unpacking comerr-dev (2.1-1.42.9-3ubuntu1) ...
Selecting previously unselected package krb5-multidev.
Preparing to unpack .../krb5-multidev_1.12+dfsg-2ubuntu4_amd64.deb ...
Unpacking krb5-multidev (1.12+dfsg-2ubuntu4) ...
Selecting previously unselected package libalgorithm-diff-perl.
Preparing to unpack .../libalgorithm-diff-perl_1.19.02-3_all.deb ...
Unpacking libalgorithm-diff-perl (1.19.02-3) ...
Selecting previously unselected package libalgorithm-diff-xs-perl.
Preparing to unpack .../libalgorithm-diff-xs-perl_0.04-2build4_amd64.deb ...
Unpacking libalgorithm-diff-xs-perl (0.04-2build4) ...
Selecting previously unselected package libalgorithm-merge-perl.
Preparing to unpack .../libalgorithm-merge-perl_0.08-2_all.deb ...
Unpacking libalgorithm-merge-perl (0.08-2) ...
Selecting previously unselected package pkg-config.
Preparing to unpack .../pkg-config_0.26-1ubuntu4_amd64.deb ...
Unpacking pkg-config (0.26-1ubuntu4) ...
Selecting previously unselected package libidn11-dev.
Preparing to unpack .../libidn11-dev_1.28-1ubuntu2_amd64.deb ...
Unpacking libidn11-dev (1.28-1ubuntu2) ...
Selecting previously unselected package libkrb5-dev.
Preparing to unpack .../libkrb5-dev_1.12+dfsg-2ubuntu4_amd64.deb ...
Unpacking libkrb5-dev (1.12+dfsg-2ubuntu4) ...
Selecting previously unselected package libldap2-dev:amd64.
Preparing to unpack .../libldap2-dev_2.4.31-1+nmu2ubuntu8_amd64.deb ...
Unpacking libldap2-dev:amd64 (2.4.31-1+nmu2ubuntu8) ...
Selecting previously unselected package libgpg-error-dev.
Preparing to unpack .../libgpg-error-dev_1.12-0.2ubuntu1_amd64.deb ...
Unpacking libgpg-error-dev (1.12-0.2ubuntu1) ...
Selecting previously unselected package libgcrypt11-dev.
Preparing to unpack .../libgcrypt11-dev_1.5.3-2ubuntu4_amd64.deb ...
Unpacking libgcrypt11-dev (1.5.3-2ubuntu4) ...
Selecting previously unselected package zlib1g-dev:amd64.
Preparing to unpack .../zlib1g-dev_1%3a1.2.8.dfsg-1ubuntu1_amd64.deb ...
Unpacking zlib1g-dev:amd64 (1:1.2.8.dfsg-1ubuntu1) ...
Selecting previously unselected package libtasn1-6-dev.
Preparing to unpack .../libtasn1-6-dev_3.4-3_amd64.deb ...
Unpacking libtasn1-6-dev (3.4-3) ...
Selecting previously unselected package libp11-kit-dev.
Preparing to unpack .../libp11-kit-dev_0.20.2-2ubuntu2_amd64.deb ...
Unpacking libp11-kit-dev (0.20.2-2ubuntu2) ...
Selecting previously unselected package libgnutls-dev.
Preparing to unpack .../libgnutls-dev_2.12.23-12ubuntu2_amd64.deb ...
Unpacking libgnutls-dev (2.12.23-12ubuntu2) ...
Selecting previously unselected package librtmp-dev.
Preparing to unpack .../librtmp-dev_2.4+20121230.gitdf6c518-1_amd64.deb ...
Unpacking librtmp-dev (2.4+20121230.gitdf6c518-1) ...
Selecting previously unselected package libssl-dev:amd64.
Preparing to unpack .../libssl-dev_1.0.1f-1ubuntu2_amd64.deb ...
Unpacking libssl-dev:amd64 (1.0.1f-1ubuntu2) ...
Selecting previously unselected package libcurl4-openssl-dev:amd64.
Preparing to unpack .../libcurl4-openssl-dev_7.35.0-1ubuntu2_amd64.deb ...
Unpacking libcurl4-openssl-dev:amd64 (7.35.0-1ubuntu2) ...
Selecting previously unselected package libfile-fcntllock-perl.
Preparing to unpack .../libfile-fcntllock-perl_0.14-2build1_amd64.deb ...
Unpacking libfile-fcntllock-perl (0.14-2build1) ...
Selecting previously unselected package libpython2.7-stdlib:amd64.
Preparing to unpack .../libpython2.7-stdlib_2.7.6-8_amd64.deb ...
Unpacking libpython2.7-stdlib:amd64 (2.7.6-8) ...
Selecting previously unselected package libpython-stdlib:amd64.
Preparing to unpack .../libpython-stdlib_2.7.5-5ubuntu3_amd64.deb ...
Unpacking libpython-stdlib:amd64 (2.7.5-5ubuntu3) ...
Selecting previously unselected package libssl-doc.
Preparing to unpack .../libssl-doc_1.0.1f-1ubuntu2_all.deb ...
Unpacking libssl-doc (1.0.1f-1ubuntu2) ...
Selecting previously unselected package manpages-dev.
Preparing to unpack .../manpages-dev_3.54-1ubuntu1_all.deb ...
Unpacking manpages-dev (3.54-1ubuntu1) ...
Selecting previously unselected package python2.7.
Preparing to unpack .../python2.7_2.7.6-8_amd64.deb ...
Unpacking python2.7 (2.7.6-8) ...
Selecting previously unselected package python-minimal.
Preparing to unpack .../python-minimal_2.7.5-5ubuntu3_amd64.deb ...
Unpacking python-minimal (2.7.5-5ubuntu3) ...
Selecting previously unselected package python.
Preparing to unpack .../python_2.7.5-5ubuntu3_amd64.deb ...
Unpacking python (2.7.5-5ubuntu3) ...
Selecting previously unselected package unzip.
Preparing to unpack .../unzip_6.0-9ubuntu1_amd64.deb ...
Unpacking unzip (6.0-9ubuntu1) ...
Selecting previously unselected package zip.
Preparing to unpack .../archives/zip_3.0-8_amd64.deb ...
Unpacking zip (3.0-8) ...
Setting up libexpat1:amd64 (2.1.0-4ubuntu1) ...
Setting up libffi6:amd64 (3.1~rc1+r3.0.13-12) ...
Setting up libgpg-error0:amd64 (1.12-0.2ubuntu1) ...
Setting up libgcrypt11:amd64 (1.5.3-2ubuntu4) ...
Setting up libgdbm3:amd64 (1.8.3-12build1) ...
Setting up libp11-kit0:amd64 (0.20.2-2ubuntu2) ...
Setting up libtasn1-6:amd64 (3.4-3) ...
Setting up libgnutls26:amd64 (2.12.23-12ubuntu2) ...
Setting up libgnutls-openssl27:amd64 (2.12.23-12ubuntu2) ...
Setting up libmagic1:amd64 (1:5.14-2ubuntu3) ...
Setting up libpopt0:amd64 (1.16-8ubuntu1) ...
Setting up libsqlite3-0:amd64 (3.8.2-1ubuntu2) ...
Setting up libssl1.0.0:amd64 (1.0.1f-1ubuntu2) ...
Setting up libroken18-heimdal:amd64 (1.6~git20131207+dfsg-1ubuntu1) ...
Setting up libasn1-8-heimdal:amd64 (1.6~git20131207+dfsg-1ubuntu1) ...
Setting up libkrb5support0:amd64 (1.12+dfsg-2ubuntu4) ...
Setting up libk5crypto3:amd64 (1.12+dfsg-2ubuntu4) ...
Setting up libkeyutils1:amd64 (1.5.6-1) ...
Setting up libkrb5-3:amd64 (1.12+dfsg-2ubuntu4) ...
Setting up libgssapi-krb5-2:amd64 (1.12+dfsg-2ubuntu4) ...
Setting up libidn11:amd64 (1.28-1ubuntu2) ...
Setting up libhcrypto4-heimdal:amd64 (1.6~git20131207+dfsg-1ubuntu1) ...
Setting up libheimbase1-heimdal:amd64 (1.6~git20131207+dfsg-1ubuntu1) ...
Setting up libwind0-heimdal:amd64 (1.6~git20131207+dfsg-1ubuntu1) ...
Setting up libhx509-5-heimdal:amd64 (1.6~git20131207+dfsg-1ubuntu1) ...
Setting up libkrb5-26-heimdal:amd64 (1.6~git20131207+dfsg-1ubuntu1) ...
Setting up libheimntlm0-heimdal:amd64 (1.6~git20131207+dfsg-1ubuntu1) ...
Setting up libgssapi3-heimdal:amd64 (1.6~git20131207+dfsg-1ubuntu1) ...
Setting up libsasl2-modules-db:amd64 (2.1.25.dfsg1-17build1) ...
Setting up libsasl2-2:amd64 (2.1.25.dfsg1-17build1) ...
Setting up libldap-2.4-2:amd64 (2.4.31-1+nmu2ubuntu8) ...
Setting up librtmp0:amd64 (2.4+20121230.gitdf6c518-1) ...
Setting up libcurl3-gnutls:amd64 (7.35.0-1ubuntu2) ...
Setting up libedit2:amd64 (3.1-20130712-2) ...
Setting up libglib2.0-0:amd64 (2.40.0-2) ...
No schema files found: doing nothing.
Setting up libxau6:amd64 (1:1.0.8-1) ...
Setting up libxdmcp6:amd64 (1:1.1.1-1) ...
Setting up libxcb1:amd64 (1.10-2ubuntu1) ...
Setting up libx11-data (2:1.6.2-1ubuntu2) ...
Setting up libx11-6:amd64 (2:1.6.2-1ubuntu2) ...
Setting up libxext6:amd64 (2:1.3.2-1) ...
Setting up libxml2:amd64 (2.9.1+dfsg1-3ubuntu4) ...
Setting up libxmuu1:amd64 (2:1.1.1-1) ...
Setting up sgml-base (1.26+nmu4ubuntu1) ...
Setting up libasan0:amd64 (4.8.2-19ubuntu1) ...
Setting up libatomic1:amd64 (4.8.2-19ubuntu1) ...
Setting up libgmp10:amd64 (2:5.1.3+dfsg-1ubuntu1) ...
Setting up libisl10:amd64 (0.12.2-1) ...
Setting up libcloog-isl4:amd64 (0.18.2-1) ...
Setting up libcurl3:amd64 (7.35.0-1ubuntu2) ...
Setting up libgomp1:amd64 (4.8.2-19ubuntu1) ...
Setting up libgssrpc4:amd64 (1.12+dfsg-2ubuntu4) ...
Setting up libitm1:amd64 (4.8.2-19ubuntu1) ...
Setting up libkadm5clnt-mit9:amd64 (1.12+dfsg-2ubuntu4) ...
Setting up libkdb5-7:amd64 (1.12+dfsg-2ubuntu4) ...
Setting up libkadm5srv-mit9:amd64 (1.12+dfsg-2ubuntu4) ...
Setting up libmpfr4:amd64 (3.1.2-1) ...
Setting up libquadmath0:amd64 (4.8.2-19ubuntu1) ...
Setting up libtsan0:amd64 (4.8.2-19ubuntu1) ...
Setting up libpython2.7-minimal:amd64 (2.7.6-8) ...
Setting up python2.7-minimal (2.7.6-8) ...
Setting up libgnutlsxx27:amd64 (2.12.23-12ubuntu2) ...
Setting up libmpc3:amd64 (1.0.1-1ubuntu1) ...
Setting up bzip2 (1.0.6-5) ...
Setting up file (1:5.14-2ubuntu3) ...
Setting up less (458-2) ...
Setting up mime-support (3.54ubuntu1) ...
update-alternatives: using /usr/bin/see to provide /usr/bin/view (view) in auto mode
Setting up netbase (5.2) ...
Setting up openssl (1.0.1f-1ubuntu2) ...
Setting up ca-certificates (20130906ubuntu2) ...
Setting up krb5-locales (1.12+dfsg-2ubuntu4) ...
Setting up libglib2.0-data (2.40.0-2) ...
Setting up libsasl2-modules:amd64 (2.1.25.dfsg1-17build1) ...
Setting up manpages (3.54-1ubuntu1) ...
Setting up openssh-client (1:6.6p1-2ubuntu1) ...
Setting up rsync (3.1.0-2) ...
 Removing any system startup links for /etc/init.d/rsync ...
update-rc.d: warning: default stop runlevel arguments (0 1 6) do not match rsync Default-Stop values (none)
 Adding system startup for /etc/init.d/rsync ...
   /etc/rc0.d/K20rsync -> ../init.d/rsync
   /etc/rc1.d/K20rsync -> ../init.d/rsync
   /etc/rc6.d/K20rsync -> ../init.d/rsync
   /etc/rc2.d/S20rsync -> ../init.d/rsync
   /etc/rc3.d/S20rsync -> ../init.d/rsync
   /etc/rc4.d/S20rsync -> ../init.d/rsync
   /etc/rc5.d/S20rsync -> ../init.d/rsync
initctl: Unable to connect to Upstart: Failed to connect to socket /com/ubuntu/upstart: Connection refused
Setting up shared-mime-info (1.2-0ubuntu3) ...
Setting up wget (1.15-1ubuntu1) ...
Setting up xauth (1:1.0.7-1ubuntu1) ...
Setting up xml-core (0.13+nmu2) ...
Setting up binutils (2.24-5ubuntu3) ...
Setting up libc-dev-bin (2.19-0ubuntu6) ...
Setting up linux-libc-dev:amd64 (3.13.0-24.46) ...
Setting up libc6-dev:amd64 (2.19-0ubuntu6) ...
Setting up cpp-4.8 (4.8.2-19ubuntu1) ...
Setting up cpp (4:4.8.2-1ubuntu6) ...
'rw' (read/write, which is the
                        default).u'rw' (read/write, which is the
                                                default).u'rw' (read/write, which is the
                                                                        default).u'rw' (read/write, which is the
                                                                                                default).u'rw' (read/write, which is the
                                                                                                                        default).u'rw' (read/write, which is the
                                                                                                                                                default).u'rw' (read/write, which is the
                                                                                                                                                                        default).u'rw' (read/write, which is the
                                                                                                                                                                                                default).u'rw' (read/write, which is the
                                                                                                                                                                                                                        default).u'rw' (read/write, which is the
                                                                                                                                                                                                                                                default).u'rw' (read/write, which is the
                                                                                                                                                                                                                                                                        default).u'rw' (read/write, which is the
                                                                                                                                                                                                                                                                                                default).u'rw' (read/write, which is the
                                                                                                                                                                                                                                                                                                                        default).u'rw' (read/write, which is the
                                                                                                                                                                                                                                                                                                                                                default).u'rw' (read/write, which is the
                                                                                                                                                                                                                                                                                                                                                                        default).u'rw' (read/write, which is the
'rw' (read/write, which is the
                        default).u'rw' (read/write, which is the
                                                default).u'rw' (read/write, which is the
                                                                        default).u'rw' (read/write, which is the
                                                                                                default).udefault).uSetting up libgcc-4.8-dev:amd64 (4.8.2-19ubuntu1) ...
Setting up gcc-4.8 (4.8.2-19ubuntu1) ...
Setting up gcc (4:4.8.2-1ubuntu6) ...
Setting up libstdc++-4.8-dev:amd64 (4.8.2-19ubuntu1) ...
Setting up g++-4.8 (4.8.2-19ubuntu1) ...
Setting up g++ (4:4.8.2-1ubuntu6) ...
update-alternatives: using /usr/bin/g++ to provide /usr/bin/c++ (c++) in auto mode
Setting up make (3.81-8.2ubuntu3) ...
Setting up xz-utils (5.1.1alpha+20120614-2ubuntu2) ...
update-alternatives: using /usr/bin/xz to provide /usr/bin/lzma (lzma) in auto mode
Setting up patch (2.7.1-4) ...
Setting up curl (7.35.0-1ubuntu2) ...
Setting up libfakeroot:amd64 (1.20-3ubuntu2) ...
Setting up fakeroot (1.20-3ubuntu2) ...
update-alternatives: using /usr/bin/fakeroot-sysv to provide /usr/bin/fakeroot (fakeroot) in auto mode
Setting up git-man (1:1.9.1-1) ...
Setting up comerr-dev (2.1-1.42.9-3ubuntu1) ...
Setting up krb5-multidev (1.12+dfsg-2ubuntu4) ...
Setting up pkg-config (0.26-1ubuntu4) ...
Setting up libidn11-dev (1.28-1ubuntu2) ...
Setting up libkrb5-dev (1.12+dfsg-2ubuntu4) ...
Setting up libldap2-dev:amd64 (2.4.31-1+nmu2ubuntu8) ...
Setting up libgpg-error-dev (1.12-0.2ubuntu1) ...
Setting up libgcrypt11-dev (1.5.3-2ubuntu4) ...
Setting up zlib1g-dev:amd64 (1:1.2.8.dfsg-1ubuntu1) ...
Setting up libtasn1-6-dev (3.4-3) ...
Setting up libp11-kit-dev (0.20.2-2ubuntu2) ...
Setting up libgnutls-dev (2.12.23-12ubuntu2) ...
Setting up librtmp-dev (2.4+20121230.gitdf6c518-1) ...
Setting up libssl-dev:amd64 (1.0.1f-1ubuntu2) ...
Setting up libcurl4-openssl-dev:amd64 (7.35.0-1ubuntu2) ...
Setting up libpython2.7-stdlib:amd64 (2.7.6-8) ...
Setting up libpython-stdlib:amd64 (2.7.5-5ubuntu3) ...
Setting up libssl-doc (1.0.1f-1ubuntu2) ...
Setting up manpages-dev (3.54-1ubuntu1) ...
Setting up python2.7 (2.7.6-8) ...
Setting up python-minimal (2.7.5-5ubuntu3) ...
Setting up python (2.7.5-5ubuntu3) ...
Setting up unzip (6.0-9ubuntu1) ...
Setting up zip (3.0-8) ...
Setting up perl-modules (5.18.2-2ubuntu1) ...
Setting up perl (5.18.2-2ubuntu1) ...
update-alternatives: using /usr/bin/prename to provide /usr/bin/rename (rename) in auto mode
Setting up libarchive-extract-perl (0.70-1) ...
Setting up liblog-message-simple-perl (0.10-1) ...
Setting up libmodule-pluggable-perl (5.1-1) ...
Setting up libpod-latex-perl (0.61-1) ...
Setting up libterm-ui-perl (0.42-1) ...
Setting up libtext-soundex-perl (3.4-1build1) ...
Setting up libtimedate-perl (2.3000-1) ...
Setting up libdpkg-perl (1.17.5ubuntu5) ...
Setting up dpkg-dev (1.17.5ubuntu5) ...
Setting up build-essential (11.6ubuntu6) ...
Setting up liberror-perl (0.17-1.1) ...
Setting up git (1:1.9.1-1) ...
Setting up libalgorithm-diff-perl (1.19.02-3) ...
Setting up libalgorithm-diff-xs-perl (0.04-2build4) ...
Setting up libalgorithm-merge-perl (0.08-2) ...
Setting up libfile-fcntllock-perl (0.14-2build1) ...
Processing triggers for libc-bin (2.19-0ubuntu6) ...
Processing triggers for ca-certificates (20130906ubuntu2) ...
Updating certificates in /etc/ssl/certs... 164 added, 0 removed; done.
Running hooks in /etc/ca-certificates/update.d....done.
Processing triggers for sgml-base (1.26+nmu4ubuntu1) ...
+ locale-gen en_US.UTF-8
Generating locales...
  en_US.UTF-8... done
Generation complete.
+ export APP_DIR=/app
+ mkdir -p /app
+ cd /app
+ mkdir -p /work
+ mkdir -p /extra
+ mkdir -p /xdisk
+ mkdir -p /centdb
+ mkdir -p /rsgrps
+ cd /extra
+ git clone https://github.com/infphilo/centrifuge
Cloning into 'centrifuge'...
+ cd centrifuge/
+ make
/usr/bin/g++  -O3 -m64 -msse2 -funroll-loops -g3 -DCOMPILER_OPTIONS="\"-O3 -m64 -msse2 -funroll-loops -g3 -DPOPCNT_CAPABILITY\"" -DPOPCNT_CAPABILITY \
	-fno-strict-aliasing -DCENTRIFUGE_VERSION="\"1.0.3-beta\"" -DBUILD_HOST="\"`hostname`\"" -DBUILD_TIME="\"`date`\"" -DCOMPILER_VERSION="\"`/usr/bin/g++  -v 2>&1 | tail -1`\"" -D_LARGEFILE_SOURCE -D_FILE_OFFSET_BITS=64 -D_GNU_SOURCE   -DBOWTIE_MM  -DCENTRIFUGE -DBOWTIE2 -DBOWTIE_64BIT_INDEX -DNDEBUG -Wall \
	 -I third_party \
	-o centrifuge-build-bin centrifuge_build.cpp \
	ccnt_lut.cpp ref_read.cpp alphabet.cpp shmem.cpp edit.cpp bt2_idx.cpp reference.cpp ds.cpp limit.cpp random_source.cpp tinythread.cpp diff_sample.cpp centrifuge_build_main.cpp \
	-lpthread 
/usr/bin/g++  -O3 -m64 -msse2 -funroll-loops -g3 -DCOMPILER_OPTIONS="\"-O3 -m64 -msse2 -funroll-loops -g3 -DPOPCNT_CAPABILITY\"" -DPOPCNT_CAPABILITY \
	-fno-strict-aliasing -DCENTRIFUGE_VERSION="\"1.0.3-beta\"" -DBUILD_HOST="\"`hostname`\"" -DBUILD_TIME="\"`date`\"" -DCOMPILER_VERSION="\"`/usr/bin/g++  -v 2>&1 | tail -1`\"" -D_LARGEFILE_SOURCE -D_FILE_OFFSET_BITS=64 -D_GNU_SOURCE   -DBOWTIE_MM   -DCENTRIFUGE -DBOWTIE2 -DBOWTIE_64BIT_INDEX -DNDEBUG -Wall \
	 -I third_party  \
	-o centrifuge-class centrifuge.cpp \
	ccnt_lut.cpp ref_read.cpp alphabet.cpp shmem.cpp edit.cpp bt2_idx.cpp reference.cpp ds.cpp limit.cpp random_source.cpp tinythread.cpp qual.cpp pat.cpp read_qseq.cpp ref_coord.cpp mask.cpp pe.cpp aligner_seed_policy.cpp scoring.cpp presets.cpp simple_func.cpp random_util.cpp outq.cpp centrifuge_main.cpp \
	-lpthread  
In file included from centrifuge.cpp:47:0:
classifier.h: In instantiation of 'void Classifier<index_t, local_index_t>::searchForwardAndReverse(index_t, const Ebwt<index_t>&, const Scoring&, RandomSource&, const ReportingParams&, index_t) [with index_t = long unsigned int; local_index_t = short unsigned int]':
classifier.h:238:72:   required from 'int Classifier<index_t, local_index_t>::go(const Scoring&, const Ebwt<index_t>&, const Ebwt<index_t>&, const BitPairReference&, WalkMetrics&, PerReadMetrics&, HIMetrics&, SpeciesMetrics&, RandomSource&, AlnSinkWrap<index_t>&) [with index_t = long unsigned int; local_index_t = short unsigned int]'
centrifuge.cpp:2665:94:   required from here
classifier.h:657:16: warning: variable 'cur' set but not used [-Wunused-but-set-variable]
         size_t cur[2] = {0, 0} ;
                ^
/usr/bin/g++  -O3 -m64 -msse2 -funroll-loops -g3 \
	-DCOMPILER_OPTIONS="\"-O3 -m64 -msse2 -funroll-loops -g3 -DPOPCNT_CAPABILITY\"" -DPOPCNT_CAPABILITY \
	-fno-strict-aliasing -DCENTRIFUGE_VERSION="\"1.0.3-beta\"" -DBUILD_HOST="\"`hostname`\"" -DBUILD_TIME="\"`date`\"" -DCOMPILER_VERSION="\"`/usr/bin/g++  -v 2>&1 | tail -1`\"" -D_LARGEFILE_SOURCE -D_FILE_OFFSET_BITS=64 -D_GNU_SOURCE   -DBOWTIE_MM  -DCENTRIFUGE -DBOWTIE2 -DBOWTIE_64BIT_INDEX -Wall \
	 -I third_party -I . \
	-o centrifuge-inspect-bin centrifuge_inspect.cpp \
	ccnt_lut.cpp ref_read.cpp alphabet.cpp shmem.cpp edit.cpp bt2_idx.cpp reference.cpp ds.cpp limit.cpp random_source.cpp tinythread.cpp \
	-lpthread 
+ make install prefix=/app
mkdir -p /app/bin
mkdir -p /app/share/centrifuge/indices
install -m 0644 indices/Makefile /app/share/centrifuge/indices
install -d -m 0755 /app/share/centrifuge/doc
install -m 0644 doc/* /app/share/centrifuge/doc
for file in centrifuge-build-bin centrifuge-class centrifuge-inspect-bin centrifuge centrifuge-build centrifuge-inspect centrifuge-download centrifuge-kreport centrifuge-BuildSharedSequence.pl centrifuge-RemoveEmptySequence.pl centrifuge-RemoveN.pl centrifuge-compress.pl centrifuge-sort-nt.pl; do \
		install -m 0755 $file /app/bin ; \
	done
+ rm -rf /extra/centrifuge
Adding runscript
Finalizing Singularity container
Calculating final size for metadata...
Skipping checks
Building Singularity image...
Singularity container built: centrifuge.img

